{"logTime": "0928/082823", "correlationVector":"+CeWSgYx7kO69QZ2XIHE1I.1","action":"SyncServerConnectionManagerRequest", "result":"SYNC_SERVER_OK", "context":{"environment":"Prod_SoutheastAsia_000j", "migrationStage":"NotStarted", "server":"GENERAL0100000X"}}
{"logTime": "0928/082824", "correlationVector":"miwwbiGLm4laztQm4BXnAv","action":"SyncServerConnectionManagerRequest", "result":"SYNC_SERVER_OK", "context":{"environment":"", "migrationStage":"", "server":""}}
{"logTime": "0928/082824", "correlationVector":"+CeWSgYx7kO69QZ2XIHE1I","action":"Initial GetUpdates", "result":"", "context":Reason: NEW_CLIENT. cV=+CeWSgYx7kO69QZ2XIHE1I}
{"logTime": "0928/082824", "correlationVector":"+CeWSgYx7kO69QZ2XIHE1I.2","action":"GetUpdates Response", "result":"Success", "context":Received 1 update(s). cV=+CeWSgYx7kO69QZ2XIHE1I.0;server=GENERAL0100000X;cloudType=Consumer;environment=Prod_SoutheastAsia_000j;migrationStage=NotStarted}
{"logTime": "0928/082824", "correlationVector":"rqcFiosh8mdZqc2mpbsMbL","action":"Initial GetUpdates", "result":"", "context":Reason: NEWLY_SUPPORTED_DATATYPE. cV=rqcFiosh8mdZqc2mpbsMbL}
{"logTime": "0928/082824", "correlationVector":"rqcFiosh8mdZqc2mpbsMbL.1","action":"SyncServerConnectionManagerRequest", "result":"SYNC_SERVER_OK", "context":{"environment":"Prod_SoutheastAsia_000j", "migrationStage":"NotStarted", "server":"GENERAL0100000I"}}
{"logTime": "0928/082824", "correlationVector":"rqcFiosh8mdZqc2mpbsMbL.2","action":"GetUpdates", "result":"DeleteReceived", "context":{"id":"a12cfe24-3c6d-4f51-9b86-9bd72ebf6c1f", "isDeleted:":"true", "version":"1697856682583"}}
{"logTime": "0928/082824", "correlationVector":"rqcFiosh8mdZqc2mpbsMbL.3","action":"GetUpdates", "result":"DeleteReceived", "context":{"id":"1fd45bab-4aa9-4c21-aff9-77ee96f72cfb", "isDeleted:":"true", "version":"1709756000585"}}
{"logTime": "0928/082824", "correlationVector":"rqcFiosh8mdZqc2mpbsMbL.4","action":"GetUpdates Response", "result":"Success", "context":Received 132 update(s). cV=rqcFiosh8mdZqc2mpbsMbL.0;server=GENERAL0100000I;cloudType=Consumer;environment=Prod_SoutheastAsia_000j;migrationStage=NotStarted}
{"logTime": "0928/082824", "correlationVector":"X/Lvx5xWcV+Fac+v7oNf0P","action":"Initial GetUpdates", "result":"", "context":Reason: NEWLY_SUPPORTED_DATATYPE. cV=X/Lvx5xWcV+Fac+v7oNf0P}
{"logTime": "0928/082824", "correlationVector":"X/Lvx5xWcV+Fac+v7oNf0P.1","action":"SyncServerConnectionManagerRequest", "result":"SYNC_SERVER_OK", "context":{"environment":"Prod_SoutheastAsia_000j", "migrationStage":"NotStarted", "server":"GENERAL0300000G"}}
{"logTime": "0928/082824", "correlationVector":"X/Lvx5xWcV+Fac+v7oNf0P.2","action":"GetUpdates Response", "result":"Success", "context":Received 8 update(s). cV=X/Lvx5xWcV+Fac+v7oNf0P.0;server=GENERAL0300000G;cloudType=Consumer;environment=Prod_SoutheastAsia_000j;migrationStage=NotStarted}
{"logTime": "0928/082824", "correlationVector":"4xAGXKUGbiVydXPjpoWHqP","action":"Initial GetUpdates", "result":"", "context":Reason: NEWLY_SUPPORTED_DATATYPE. cV=4xAGXKUGbiVydXPjpoWHqP}
{"logTime": "0928/082825", "correlationVector":"4xAGXKUGbiVydXPjpoWHqP.1","action":"SyncServerConnectionManagerRequest", "result":"SYNC_SERVER_OK", "context":{"environment":"Prod_SoutheastAsia_000j", "migrationStage":"NotStarted", "server":"GENERAL0100001E"}}
{"logTime": "0928/082825", "correlationVector":"4xAGXKUGbiVydXPjpoWHqP.2","action":"GetUpdates", "result":"DeleteReceived", "context":{"id":"3c195d8b-dd83-4483-a5cb-1469d91bbdf6", "isDeleted:":"true", "version":"1727147553864"}}
{"logTime": "0928/082825", "correlationVector":"4xAGXKUGbiVydXPjpoWHqP.3","action":"GetUpdates", "result":"DeleteReceived", "context":{"id":"3c200b47-92da-4877-9011-0329fa318cab", "isDeleted:":"true", "version":"1723055042475"}}
{"logTime": "0928/082825", "correlationVector":"4xAGXKUGbiVydXPjpoWHqP.4","action":"GetUpdates", "result":"DeleteReceived", "context":{"id":"40f1d24c-5dc7-4172-b145-b31d88d780f1", "isDeleted:":"true", "version":"1724563015394"}}
{"logTime": "0928/082825", "correlationVector":"4xAGXKUGbiVydXPjpoWHqP.5","action":"GetUpdates", "result":"DeleteReceived", "context":{"id":"d3f68da3-764c-425c-b10c-558ab8d90e0f", "isDeleted:":"true", "version":"1724563508399"}}
{"logTime": "0928/082825", "correlationVector":"4xAGXKUGbiVydXPjpoWHqP.6","action":"GetUpdates", "result":"DeleteReceived", "context":{"id":"91ed4329-7fb7-45ab-a93e-30efd9fd4447", "isDeleted:":"true", "version":"1727147553865"}}
{"logTime": "0928/082825", "correlationVector":"4xAGXKUGbiVydXPjpoWHqP.7","action":"GetUpdates", "result":"DeleteReceived", "context":{"id":"1533ad5f-b5d8-4a2f-a072-ae056069ca4c", "isDeleted:":"true", "version":"1719836872473"}}
{"logTime": "0928/082825", "correlationVector":"4xAGXKUGbiVydXPjpoWHqP.8","action":"GetUpdates", "result":"DeleteReceived", "context":{"id":"b849c9a0-be88-4ab9-a9e4-24c1b669ad34", "isDeleted:":"true", "version":"1719837183072"}}
{"logTime": "0928/082825", "correlationVector":"4xAGXKUGbiVydXPjpoWHqP.9","action":"GetUpdates", "result":"DeleteReceived", "context":{"id":"4c2afb3c-33f9-4b13-a1ef-4aecb7c30d5e", "isDeleted:":"true", "version":"1719859106153"}}
{"logTime": "0928/082825", "correlationVector":"4xAGXKUGbiVydXPjpoWHqP.10","action":"GetUpdates", "result":"DeleteReceived", "context":{"id":"9eccaa0c-c319-4b59-9bac-12f93d48cf1f", "isDeleted:":"true", "version":"1720077627077"}}
{"logTime": "0928/082825", "correlationVector":"4xAGXKUGbiVydXPjpoWHqP.11","action":"GetUpdates", "result":"DeleteReceived", "context":{"id":"14929eaf-3842-43ed-bf29-e33d17dec921", "isDeleted:":"true", "version":"1720153078676"}}
{"logTime": "0928/082825", "correlationVector":"4xAGXKUGbiVydXPjpoWHqP.12","action":"GetUpdates", "result":"DeleteReceived", "context":{"id":"38c94e7d-dbe9-4959-b09f-f763750bf83b", "isDeleted:":"true", "version":"1720378954752"}}
{"logTime": "0928/082825", "correlationVector":"4xAGXKUGbiVydXPjpoWHqP.13","action":"GetUpdates", "result":"DeleteReceived", "context":{"id":"bb8de689-c91f-468b-8c03-8b26c4c00788", "isDeleted:":"true", "version":"1720378954753"}}
{"logTime": "0928/082825", "correlationVector":"4xAGXKUGbiVydXPjpoWHqP.14","action":"GetUpdates", "result":"DeleteReceived", "context":{"id":"12f41ca3-1a54-4403-963e-6def5f428a7a", "isDeleted:":"true", "version":"1720378954754"}}
{"logTime": "0928/082825", "correlationVector":"4xAGXKUGbiVydXPjpoWHqP.15","action":"GetUpdates", "result":"DeleteReceived", "context":{"id":"0123328e-1eac-4b0d-9db7-6b903ae2d650", "isDeleted:":"true", "version":"1720378954755"}}
{"logTime": "0928/082825", "correlationVector":"4xAGXKUGbiVydXPjpoWHqP.16","action":"GetUpdates", "result":"DeleteReceived", "context":{"id":"7d01477d-116d-4dcf-bb76-e33e392e00f7", "isDeleted:":"true", "version":"1720378954757"}}
{"logTime": "0928/082825", "correlationVector":"4xAGXKUGbiVydXPjpoWHqP.17","action":"GetUpdates", "result":"DeleteReceived", "context":{"id":"57a72a90-1033-437a-bfbe-28d2cd35acb2", "isDeleted:":"true", "version":"1720378954758"}}
{"logTime": "0928/082825", "correlationVector":"4xAGXKUGbiVydXPjpoWHqP.18","action":"GetUpdates", "result":"DeleteReceived", "context":{"id":"a6024173-b087-4dec-af68-453c8c832a86", "isDeleted:":"true", "version":"1720470544470"}}
{"logTime": "0928/082825", "correlationVector":"4xAGXKUGbiVydXPjpoWHqP.19","action":"GetUpdates", "result":"DeleteReceived", "context":{"id":"de013179-f071-45d5-aa1a-be733b3945ce", "isDeleted:":"true", "version":"1720470544471"}}
{"logTime": "0928/082825", "correlationVector":"4xAGXKUGbiVydXPjpoWHqP.20","action":"GetUpdates", "result":"DeleteReceived", "context":{"id":"83b4ded0-2f95-47d5-aad4-229ea17ba37f", "isDeleted:":"true", "version":"1723055042478"}}
{"logTime": "0928/082825", "correlationVector":"4xAGXKUGbiVydXPjpoWHqP.21","action":"GetUpdates", "result":"DeleteReceived", "context":{"id":"e24c75e5-4cc4-4df7-af51-c3e1f0f6eaf0", "isDeleted:":"true", "version":"1724563015397"}}
{"logTime": "0928/082825", "correlationVector":"4xAGXKUGbiVydXPjpoWHqP.22","action":"GetUpdates", "result":"DeleteReceived", "context":{"id":"dfa8ca26-3cec-4f11-b09a-3a20d4a203e8", "isDeleted:":"true", "version":"1724563015399"}}
{"logTime": "0928/082825", "correlationVector":"4xAGXKUGbiVydXPjpoWHqP.23","action":"GetUpdates", "result":"DeleteReceived", "context":{"id":"f5d1cc9c-5991-413d-b094-9c47006b877c", "isDeleted:":"true", "version":"1724564876254"}}
{"logTime": "0928/082825", "correlationVector":"4xAGXKUGbiVydXPjpoWHqP.24","action":"GetUpdates", "result":"DeleteReceived", "context":{"id":"f8c29bed-bf39-4720-a7bc-3500b05836d8", "isDeleted:":"true", "version":"1724564876255"}}
{"logTime": "0928/082825", "correlationVector":"4xAGXKUGbiVydXPjpoWHqP.25","action":"GetUpdates", "result":"DeleteReceived", "context":{"id":"8fc4817c-e3d1-436f-b80d-ee3c7453930b", "isDeleted:":"true", "version":"1724564876258"}}
{"logTime": "0928/082825", "correlationVector":"4xAGXKUGbiVydXPjpoWHqP.26","action":"GetUpdates", "result":"DeleteReceived", "context":{"id":"c0708fd5-7f6e-4286-b95c-e0fe4ab23e4e", "isDeleted:":"true", "version":"1724655704012"}}
{"logTime": "0928/082825", "correlationVector":"4xAGXKUGbiVydXPjpoWHqP.27","action":"GetUpdates", "result":"DeleteReceived", "context":{"id":"dc71d1fa-e14f-46fc-80f4-1a89503ce678", "isDeleted:":"true", "version":"1724655704013"}}
{"logTime": "0928/082825", "correlationVector":"4xAGXKUGbiVydXPjpoWHqP.28","action":"GetUpdates", "result":"DeleteReceived", "context":{"id":"4b3270b7-91e5-41dd-beaf-db2a23f7beae", "isDeleted:":"true", "version":"1724655704014"}}
{"logTime": "0928/082825", "correlationVector":"4xAGXKUGbiVydXPjpoWHqP.29","action":"GetUpdates", "result":"DeleteReceived", "context":{"id":"0133bfd4-4528-4b4d-b364-58d1b1176ce4", "isDeleted:":"true", "version":"1724658071978"}}
{"logTime": "0928/082825", "correlationVector":"4xAGXKUGbiVydXPjpoWHqP.30","action":"GetUpdates", "result":"DeleteReceived", "context":{"id":"c00e9d7a-ffc0-4135-b1b6-595e941153ad", "isDeleted:":"true", "version":"1724667853684"}}
{"logTime": "0928/082825", "correlationVector":"4xAGXKUGbiVydXPjpoWHqP.31","action":"GetUpdates", "result":"DeleteReceived", "context":{"id":"73c52ce4-0d5e-412c-9bf4-40bf8362362f", "isDeleted:":"true", "version":"1724667853685"}}
{"logTime": "0928/082825", "correlationVector":"4xAGXKUGbiVydXPjpoWHqP.32","action":"GetUpdates", "result":"DeleteReceived", "context":{"id":"08c46894-d55e-482c-950b-275fc4ee5822", "isDeleted:":"true", "version":"1724672681613"}}
{"logTime": "0928/082825", "correlationVector":"4xAGXKUGbiVydXPjpoWHqP.33","action":"GetUpdates", "result":"DeleteReceived", "context":{"id":"8da9730c-1c55-461a-83d2-930898a1bb75", "isDeleted:":"true", "version":"1727147551716"}}
{"logTime": "0928/082825", "correlationVector":"4xAGXKUGbiVydXPjpoWHqP.34","action":"GetUpdates", "result":"DeleteReceived", "context":{"id":"0c8b4e42-33b3-478a-b74e-715da318197a", "isDeleted:":"true", "version":"1727281617200"}}
{"logTime": "0928/082825", "correlationVector":"4xAGXKUGbiVydXPjpoWHqP.35","action":"GetUpdates", "result":"DeleteReceived", "context":{"id":"d3465afd-e547-4134-98d8-248f4bc89988", "isDeleted:":"true", "version":"1727421213946"}}
{"logTime": "0928/082825", "correlationVector":"4xAGXKUGbiVydXPjpoWHqP.36","action":"GetUpdates", "result":"DeleteReceived", "context":{"id":"2b278ff2-d40b-4e05-9af9-3242a022ce3e", "isDeleted:":"true", "version":"1727421213947"}}
{"logTime": "0928/082825", "correlationVector":"4xAGXKUGbiVydXPjpoWHqP.37","action":"GetUpdates", "result":"DeleteReceived", "context":{"id":"addfe208-a9f5-467d-ad73-ae5dc885ca0f", "isDeleted:":"true", "version":"1727421213948"}}
{"logTime": "0928/082825", "correlationVector":"4xAGXKUGbiVydXPjpoWHqP.38","action":"GetUpdates", "result":"DeleteReceived", "context":{"id":"3da77445-6971-4272-a6ff-5a9e2f70da22", "isDeleted:":"true", "version":"1727421213950"}}
{"logTime": "0928/082825", "correlationVector":"4xAGXKUGbiVydXPjpoWHqP.39","action":"GetUpdates", "result":"DeleteReceived", "context":{"id":"9accf94d-b874-4a38-910a-402cd09feb85", "isDeleted:":"true", "version":"1727421213951"}}
{"logTime": "0928/082825", "correlationVector":"4xAGXKUGbiVydXPjpoWHqP.40","action":"GetUpdates", "result":"DeleteReceived", "context":{"id":"9dc5a4f8-2f57-47a1-b747-23d77dd07494", "isDeleted:":"true", "version":"1727421213952"}}
{"logTime": "0928/082825", "correlationVector":"4xAGXKUGbiVydXPjpoWHqP.41","action":"GetUpdates", "result":"DeleteReceived", "context":{"id":"73882fc8-179b-418b-b812-f01a482ee2a8", "isDeleted:":"true", "version":"1727421849113"}}
{"logTime": "0928/082825", "correlationVector":"4xAGXKUGbiVydXPjpoWHqP.42","action":"GetUpdates", "result":"DeleteReceived", "context":{"id":"e5e9e5dc-295c-4ab4-90dc-8d39b0dc66ff", "isDeleted:":"true", "version":"1727421849114"}}
{"logTime": "0928/082825", "correlationVector":"4xAGXKUGbiVydXPjpoWHqP.43","action":"GetUpdates Response", "result":"Success", "context":Received 112 update(s). cV=4xAGXKUGbiVydXPjpoWHqP.0;server=GENERAL0100001E;cloudType=Consumer;environment=Prod_SoutheastAsia_000j;migrationStage=NotStarted}
{"logTime": "0928/082825", "correlationVector":"3XW/6c1NA2ABdb+FCk4miL","action":"Normal GetUpdate request", "result":"", "context":cV=3XW/6c1NA2ABdb+FCk4miL
Nudged types: Bookmarks, Sessions, Device Info, User Consents
Refresh requested types: Bookmarks, Preferences, Passwords, Autofill Profiles, Autofill, Typed URLs, Extensions, Sessions, Extension settings, History Delete Directives, Device Info, User Consents, Send Tab To Self, Web Apps, Collection, Edge E Drop, Edge Hub App Usage, Edge Tab Group, Edge Wallet, Encryption Keys}
{"logTime": "0928/082825", "correlationVector":"3XW/6c1NA2ABdb+FCk4miL.1","action":"SyncServerConnectionManagerRequest", "result":"SYNC_SERVER_OK", "context":{"environment":"Prod_SoutheastAsia_000j", "migrationStage":"NotStarted", "server":"GENERAL03000030"}}
{"logTime": "0928/082825", "correlationVector":"3XW/6c1NA2ABdb+FCk4miL.2","action":"GetUpdates Response", "result":"Success", "context":Received 0 update(s). cV=3XW/6c1NA2ABdb+FCk4miL.0;server=GENERAL03000030;cloudType=Consumer;environment=Prod_SoutheastAsia_000j;migrationStage=NotStarted}
{"logTime": "0928/082825", "correlationVector":"lJheIoCMWRk+BDtGksXt9S","action":"Commit Request", "result":"", "context":Item count: 7
Contributing types: Bookmarks, Sessions, Device Info, User Consents}
{"logTime": "0928/082825", "correlationVector":"lJheIoCMWRk+BDtGksXt9S.1","action":"SyncServerConnectionManagerRequest", "result":"SYNC_SERVER_OK", "context":{"environment":"Prod_SoutheastAsia_000j", "migrationStage":"NotStarted", "server":"GENERAL0300002X"}}
{"logTime": "0928/082825", "correlationVector":"lJheIoCMWRk+BDtGksXt9S.2","action":"Commit Response", "result":"Success", "context":Result: Success. cV=lJheIoCMWRk+BDtGksXt9S.0;server=GENERAL0300002X;cloudType=Consumer;environment=Prod_SoutheastAsia_000j;migrationStage=NotStarted}
{"logTime": "0928/082825", "correlationVector":"9Ua3udETmp8BB+6RqnwUjm","action":"Normal GetUpdate request", "result":"", "context":cV=9Ua3udETmp8BB+6RqnwUjm
Nudged types: Sessions, Device Info}
{"logTime": "0928/082826", "correlationVector":"9Ua3udETmp8BB+6RqnwUjm.1","action":"SyncServerConnectionManagerRequest", "result":"SYNC_SERVER_OK", "context":{"environment":"Prod_SoutheastAsia_000j", "migrationStage":"NotStarted", "server":"GENERAL01000017"}}
{"logTime": "0928/082826", "correlationVector":"9Ua3udETmp8BB+6RqnwUjm.2","action":"GetUpdates Response", "result":"Success", "context":Received 5 update(s). cV=9Ua3udETmp8BB+6RqnwUjm.0;server=GENERAL01000017;cloudType=Consumer;environment=Prod_SoutheastAsia_000j;migrationStage=NotStarted}
{"logTime": "0928/082826", "correlationVector":"gAJrI8lnk7o+lEobWgkbGj","action":"DoCompareDataConsistency requsted types: ", "result":"Bookmarks, Preferences, Passwords, Typed URLs, Extensions, Extension settings, History Delete Directives, Send Tab To Self, Web Apps, Collection, Edge E Drop, Edge Tab Group, Edge Wallet, Encryption Keys"}
{"logTime": "0928/082826", "correlationVector":"gAJrI8lnk7o+lEobWgkbGj.0","action":"CompareDataConsistency result: ", "result":"Compare result: Encryption Keys is consistent. local entities count is: 1 local entities hash is: nm1MbOzl236k+t4mH0fcZ/Ia+AU="}
{"logTime": "0928/082826", "correlationVector":"gAJrI8lnk7o+lEobWgkbGj.1","action":"CompareDataConsistency result: ", "result":"Compare result: Bookmarks is consistent. local entities count is: 6 local entities hash is: 36lXlFW4LNqaOgx14qeBkJZVOVs="}
{"logTime": "0928/082826", "correlationVector":"gAJrI8lnk7o+lEobWgkbGj.2","action":"CompareDataConsistency result: ", "result":"Compare result: Preferences is consistent. local entities count is: 56 local entities hash is: /0Vr9nCrX4c66ZWKdyANCOfvBLI="}
{"logTime": "0928/082826", "correlationVector":"gAJrI8lnk7o+lEobWgkbGj.3","action":"CompareDataConsistency result: ", "result":"Server did not send this Typed URLs local entities count is: 4 local entities hash is: jl/lEXTVaVb1IV94UHhJQIY8tXY="}
{"logTime": "0928/082826", "correlationVector":"gAJrI8lnk7o+lEobWgkbGj.4","action":"CompareDataConsistency result: ", "result":"Compare result: Extensions is consistent. local entities count is: 3 local entities hash is: aAq3LMJ/TT2zc9OTuzhGbp4BBH0="}
{"logTime": "0928/082826", "correlationVector":"gAJrI8lnk7o+lEobWgkbGj.5","action":"CompareDataConsistency result: ", "result":"Compare result: Extension settings is consistent. local entities count is: 0 local entities hash is: "}
{"logTime": "0928/082826", "correlationVector":"gAJrI8lnk7o+lEobWgkbGj.6","action":"CompareDataConsistency result: ", "result":"Compare result: History Delete Directives is consistent. local entities count is: 0 local entities hash is: "}
{"logTime": "0928/082826", "correlationVector":"gAJrI8lnk7o+lEobWgkbGj.7","action":"CompareDataConsistency result: ", "result":"Server did not send this Send Tab To Self local entities count is: 0 local entities hash is: "}
{"logTime": "0928/082826", "correlationVector":"gAJrI8lnk7o+lEobWgkbGj.8","action":"CompareDataConsistency result: ", "result":"Compare result: Web Apps is consistent. local entities count is: 0 local entities hash is: "}
{"logTime": "0928/082826", "correlationVector":"gAJrI8lnk7o+lEobWgkbGj.9","action":"CompareDataConsistency result: ", "result":"Compare result: Collection is consistent. local entities count is: 0 local entities hash is: "}
{"logTime": "0928/082826", "correlationVector":"gAJrI8lnk7o+lEobWgkbGj.10","action":"CompareDataConsistency result: ", "result":"Compare result: Edge E Drop is consistent. local entities count is: 0 local entities hash is: "}
{"logTime": "0928/082826", "correlationVector":"gAJrI8lnk7o+lEobWgkbGj.11","action":"CompareDataConsistency result: ", "result":"Compare result: Edge Tab Group is consistent. local entities count is: 0 local entities hash is: "}
{"logTime": "0928/082826", "correlationVector":"gAJrI8lnk7o+lEobWgkbGj.12","action":"CompareDataConsistency result: ", "result":"Compare result: Edge Wallet is consistent. local entities count is: 0 local entities hash is: "}
{"logTime": "0928/082826", "correlationVector":"gAJrI8lnk7o+lEobWgkbGj.13","action":"CompareDataConsistency result: ", "result":"Compare result: Passwords is consistent. local entities count is: 72 local entities hash is: lLC95kTLw0wV8nVCstRfA6RwQho="}
{"logTime": "0928/082826", "correlationVector":"","action":"DIAGNOSTIC_REQUEST|v1/diagnosticData/Diagnostic.SendCheckResult()|SUCCESS", "result":""}
{"logTime": "0928/082849", "correlationVector":"KYzC+AvMbtsnqKwEoNoCax","action":"Normal GetUpdate request", "result":"", "context":cV=KYzC+AvMbtsnqKwEoNoCax
Nudged types: Preferences, Passwords, Sessions}
{"logTime": "0928/082849", "correlationVector":"KYzC+AvMbtsnqKwEoNoCax.1","action":"SyncServerConnectionManagerRequest", "result":"SYNC_SERVER_OK", "context":{"environment":"Prod_SoutheastAsia_000j", "migrationStage":"NotStarted", "server":"GENERAL0300000M"}}
{"logTime": "0928/082849", "correlationVector":"KYzC+AvMbtsnqKwEoNoCax.2","action":"GetUpdates Response", "result":"Success", "context":Received 0 update(s). cV=KYzC+AvMbtsnqKwEoNoCax.0;server=GENERAL0300000M;cloudType=Consumer;environment=Prod_SoutheastAsia_000j;migrationStage=NotStarted}
{"logTime": "0928/082849", "correlationVector":"Om7Q2CTGOSaaChYSCxUqIv","action":"Commit Request", "result":"", "context":Item count: 40
Contributing types: Passwords}
{"logTime": "0928/082850", "correlationVector":"Om7Q2CTGOSaaChYSCxUqIv.1","action":"SyncServerConnectionManagerRequest", "result":"SYNC_SERVER_OK", "context":{"environment":"Prod_SoutheastAsia_000j", "migrationStage":"NotStarted", "server":"GENERAL0100001J"}}
{"logTime": "0928/082850", "correlationVector":"Om7Q2CTGOSaaChYSCxUqIv.2","action":"Commit Response", "result":"Success", "context":Result: Success. cV=Om7Q2CTGOSaaChYSCxUqIv.0;server=GENERAL0100001J;cloudType=Consumer;environment=Prod_SoutheastAsia_000j;migrationStage=NotStarted}
{"logTime": "0928/082850", "correlationVector":"Uqa+Pg0pTYje/CrQcvNIVr","action":"Commit Request", "result":"", "context":Item count: 13
Contributing types: Preferences, Passwords, Sessions}
{"logTime": "0928/082851", "correlationVector":"Uqa+Pg0pTYje/CrQcvNIVr.1","action":"SyncServerConnectionManagerRequest", "result":"SYNC_SERVER_OK", "context":{"environment":"Prod_SoutheastAsia_000j", "migrationStage":"NotStarted", "server":"GENERAL0100000V"}}
{"logTime": "0928/082851", "correlationVector":"Uqa+Pg0pTYje/CrQcvNIVr.2","action":"Commit Response", "result":"Success", "context":Result: Success. cV=Uqa+Pg0pTYje/CrQcvNIVr.0;server=GENERAL0100000V;cloudType=Consumer;environment=Prod_SoutheastAsia_000j;migrationStage=NotStarted}
{"logTime": "0928/082851", "correlationVector":"7iTjatzOvwPg4lDEO9CNUr","action":"Commit Request", "result":"", "context":Item count: 1
Contributing types: Sessions}
{"logTime": "0928/082851", "correlationVector":"7iTjatzOvwPg4lDEO9CNUr.1","action":"SyncServerConnectionManagerRequest", "result":"SYNC_SERVER_OK", "context":{"environment":"Prod_SoutheastAsia_000j", "migrationStage":"NotStarted", "server":"GENERAL03000002"}}
{"logTime": "0928/082851", "correlationVector":"7iTjatzOvwPg4lDEO9CNUr.2","action":"Commit Response", "result":"Success", "context":Result: Success. cV=7iTjatzOvwPg4lDEO9CNUr.0;server=GENERAL03000002;cloudType=Consumer;environment=Prod_SoutheastAsia_000j;migrationStage=NotStarted}
{"logTime": "0928/091636", "correlationVector":"/TrYKp4GGigsbzJ93O/2b2.1","action":"SyncServerConnectionManagerRequest", "result":"SYNC_SERVER_OK", "context":{"environment":"Prod_SoutheastAsia_000j", "migrationStage":"NotStarted", "server":"GENERAL01000002"}}
{"logTime": "0928/091637", "correlationVector":"VFFK+VcHNNMMiY5tMMbEWy","action":"SyncServerConnectionManagerRequest", "result":"SYNC_SERVER_OK", "context":{"environment":"", "migrationStage":"", "server":""}}
{"logTime": "0928/091637", "correlationVector":"/TrYKp4GGigsbzJ93O/2b2","action":"Initial GetUpdates", "result":"", "context":Reason: NEW_CLIENT. cV=/TrYKp4GGigsbzJ93O/2b2}
{"logTime": "0928/091637", "correlationVector":"/TrYKp4GGigsbzJ93O/2b2.2","action":"GetUpdates Response", "result":"Success", "context":Received 1 update(s). cV=/TrYKp4GGigsbzJ93O/2b2.0;server=GENERAL01000002;cloudType=Consumer;environment=Prod_SoutheastAsia_000j;migrationStage=NotStarted}
{"logTime": "0928/091637", "correlationVector":"NX9SezKoewGHgdDkOwCJ1T","action":"Initial GetUpdates", "result":"", "context":Reason: NEWLY_SUPPORTED_DATATYPE. cV=NX9SezKoewGHgdDkOwCJ1T}
{"logTime": "0928/091637", "correlationVector":"NX9SezKoewGHgdDkOwCJ1T.1","action":"SyncServerConnectionManagerRequest", "result":"SYNC_SERVER_OK", "context":{"environment":"Prod_SoutheastAsia_000j", "migrationStage":"NotStarted", "server":"GENERAL0100001L"}}
{"logTime": "0928/091637", "correlationVector":"NX9SezKoewGHgdDkOwCJ1T.2","action":"GetUpdates", "result":"DeleteReceived", "context":{"id":"a12cfe24-3c6d-4f51-9b86-9bd72ebf6c1f", "isDeleted:":"true", "version":"1697856682583"}}
{"logTime": "0928/091637", "correlationVector":"NX9SezKoewGHgdDkOwCJ1T.3","action":"GetUpdates", "result":"DeleteReceived", "context":{"id":"1fd45bab-4aa9-4c21-aff9-77ee96f72cfb", "isDeleted:":"true", "version":"1709756000585"}}
{"logTime": "0928/091637", "correlationVector":"NX9SezKoewGHgdDkOwCJ1T.4","action":"GetUpdates Response", "result":"Success", "context":Received 74 update(s). cV=NX9SezKoewGHgdDkOwCJ1T.0;server=GENERAL0100001L;cloudType=Consumer;environment=Prod_SoutheastAsia_000j;migrationStage=NotStarted}
{"logTime": "0928/091637", "correlationVector":"W6uDLttYN7OJDpnkhTT1xu","action":"Normal GetUpdate request", "result":"", "context":cV=W6uDLttYN7OJDpnkhTT1xu
Nudged types: Sessions
Refresh requested types: Bookmarks, Preferences, Passwords, Autofill Profiles, Autofill, Typed URLs, Extensions, Sessions, Extension settings, History Delete Directives, Device Info, User Consents, Send Tab To Self, Web Apps, Collection, Edge E Drop, Edge Hub App Usage, Edge Tab Group, Edge Wallet, Encryption Keys}
{"logTime": "0928/091638", "correlationVector":"W6uDLttYN7OJDpnkhTT1xu.1","action":"SyncServerConnectionManagerRequest", "result":"SYNC_SERVER_OK", "context":{"environment":"Prod_SoutheastAsia_000j", "migrationStage":"NotStarted", "server":"GENERAL01000010"}}
{"logTime": "0928/091638", "correlationVector":"W6uDLttYN7OJDpnkhTT1xu.2","action":"GetUpdates", "result":"DeleteReceived", "context":{"id":"2b8d44cb-4b03-44c5-aa7d-4ab5bccc12c3", "isDeleted:":"true", "version":"1727512991178"}}
{"logTime": "0928/091638", "correlationVector":"W6uDLttYN7OJDpnkhTT1xu.3","action":"GetUpdates Response", "result":"Success", "context":Received 5 update(s). cV=W6uDLttYN7OJDpnkhTT1xu.0;server=GENERAL01000010;cloudType=Consumer;environment=Prod_SoutheastAsia_000j;migrationStage=NotStarted}
{"logTime": "0928/091730", "correlationVector":"DZhtIo7Ykvc9vrS44Il+Li","action":"Normal GetUpdate request", "result":"", "context":cV=DZhtIo7Ykvc9vrS44Il+Li
Nudged types: Sessions}
{"logTime": "0928/091730", "correlationVector":"DZhtIo7Ykvc9vrS44Il+Li.1","action":"SyncServerConnectionManagerRequest", "result":"SYNC_SERVER_OK", "context":{"environment":"Prod_SoutheastAsia_000j", "migrationStage":"NotStarted", "server":"GENERAL0100001J"}}
{"logTime": "0928/091730", "correlationVector":"DZhtIo7Ykvc9vrS44Il+Li.2","action":"GetUpdates Response", "result":"Success", "context":Received 0 update(s). cV=DZhtIo7Ykvc9vrS44Il+Li.0;server=GENERAL0100001J;cloudType=Consumer;environment=Prod_SoutheastAsia_000j;migrationStage=NotStarted}
{"logTime": "0928/091730", "correlationVector":"JlieM26iObuWnjt39a5KLz","action":"Commit Request", "result":"", "context":Item count: 2
Contributing types: Sessions}
{"logTime": "0928/091730", "correlationVector":"JlieM26iObuWnjt39a5KLz.1","action":"SyncServerConnectionManagerRequest", "result":"SYNC_SERVER_OK", "context":{"environment":"Prod_SoutheastAsia_000j", "migrationStage":"NotStarted", "server":"GENERAL0300000P"}}
{"logTime": "0928/091730", "correlationVector":"JlieM26iObuWnjt39a5KLz.2","action":"Commit Response", "result":"Success", "context":Result: Success. cV=JlieM26iObuWnjt39a5KLz.0;server=GENERAL0300000P;cloudType=Consumer;environment=Prod_SoutheastAsia_000j;migrationStage=NotStarted}
{"logTime": "0928/091800", "correlationVector":"KF7prJGlrJCeUbVxG9h25G","action":"Commit Request", "result":"", "context":Item count: 1
Contributing types: Sessions}
{"logTime": "0928/091801", "correlationVector":"KF7prJGlrJCeUbVxG9h25G.1","action":"SyncServerConnectionManagerRequest", "result":"SYNC_SERVER_OK", "context":{"environment":"Prod_SoutheastAsia_000j", "migrationStage":"NotStarted", "server":"GENERAL0300001S"}}
{"logTime": "0928/091801", "correlationVector":"KF7prJGlrJCeUbVxG9h25G.2","action":"Commit Response", "result":"Success", "context":Result: Success. cV=KF7prJGlrJCeUbVxG9h25G.0;server=GENERAL0300001S;cloudType=Consumer;environment=Prod_SoutheastAsia_000j;migrationStage=NotStarted}
{"logTime": "0928/091832", "correlationVector":"0iJ3tJzJLl2DOWJz9qrmjv","action":"Commit Request", "result":"", "context":Item count: 1
Contributing types: Sessions}
{"logTime": "0928/091833", "correlationVector":"0iJ3tJzJLl2DOWJz9qrmjv.1","action":"SyncServerConnectionManagerRequest", "result":"SYNC_SERVER_OK", "context":{"environment":"Prod_SoutheastAsia_000j", "migrationStage":"NotStarted", "server":"GENERAL0300000V"}}
{"logTime": "0928/091833", "correlationVector":"0iJ3tJzJLl2DOWJz9qrmjv.2","action":"Commit Response", "result":"Success", "context":Result: Success. cV=0iJ3tJzJLl2DOWJz9qrmjv.0;server=GENERAL0300000V;cloudType=Consumer;environment=Prod_SoutheastAsia_000j;migrationStage=NotStarted}
{"logTime": "0928/093239", "correlationVector":"kWQNXBwIHd9kJhzjrOQ9YD.1","action":"SyncServerConnectionManagerRequest", "result":"SYNC_SERVER_OK", "context":{"environment":"Prod_SoutheastAsia_000j", "migrationStage":"NotStarted", "server":"GENERAL0100001A"}}
{"logTime": "0928/093239", "correlationVector":"wOHdj6KqCvOxfPJdgpD4s3","action":"SyncServerConnectionManagerRequest", "result":"SYNC_SERVER_OK", "context":{"environment":"", "migrationStage":"", "server":""}}
{"logTime": "0928/093239", "correlationVector":"kWQNXBwIHd9kJhzjrOQ9YD","action":"Initial GetUpdates", "result":"", "context":Reason: NEW_CLIENT. cV=kWQNXBwIHd9kJhzjrOQ9YD}
{"logTime": "0928/093239", "correlationVector":"kWQNXBwIHd9kJhzjrOQ9YD.2","action":"GetUpdates Response", "result":"Success", "context":Received 1 update(s). cV=kWQNXBwIHd9kJhzjrOQ9YD.0;server=GENERAL0100001A;cloudType=Consumer;environment=Prod_SoutheastAsia_000j;migrationStage=NotStarted}
{"logTime": "0928/093239", "correlationVector":"IzdRNUdjB+GGfQgBYaiN9/","action":"Initial GetUpdates", "result":"", "context":Reason: NEWLY_SUPPORTED_DATATYPE. cV=IzdRNUdjB+GGfQgBYaiN9/}
{"logTime": "0928/093239", "correlationVector":"IzdRNUdjB+GGfQgBYaiN9/.1","action":"SyncServerConnectionManagerRequest", "result":"SYNC_SERVER_OK", "context":{"environment":"Prod_SoutheastAsia_000j", "migrationStage":"NotStarted", "server":"GENERAL01000006"}}
{"logTime": "0928/093239", "correlationVector":"IzdRNUdjB+GGfQgBYaiN9/.2","action":"GetUpdates", "result":"DeleteReceived", "context":{"id":"a12cfe24-3c6d-4f51-9b86-9bd72ebf6c1f", "isDeleted:":"true", "version":"1697856682583"}}
{"logTime": "0928/093239", "correlationVector":"IzdRNUdjB+GGfQgBYaiN9/.3","action":"GetUpdates", "result":"DeleteReceived", "context":{"id":"1fd45bab-4aa9-4c21-aff9-77ee96f72cfb", "isDeleted:":"true", "version":"1709756000585"}}
{"logTime": "0928/093239", "correlationVector":"IzdRNUdjB+GGfQgBYaiN9/.4","action":"GetUpdates Response", "result":"Success", "context":Received 74 update(s). cV=IzdRNUdjB+GGfQgBYaiN9/.0;server=GENERAL01000006;cloudType=Consumer;environment=Prod_SoutheastAsia_000j;migrationStage=NotStarted}
{"logTime": "0928/093240", "correlationVector":"fh9b+riQX4IJy5JcUPEWVF","action":"Normal GetUpdate request", "result":"", "context":cV=fh9b+riQX4IJy5JcUPEWVF
Nudged types: Sessions
Refresh requested types: Bookmarks, Preferences, Passwords, Autofill Profiles, Autofill, Typed URLs, Extensions, Sessions, Extension settings, History Delete Directives, Device Info, User Consents, Send Tab To Self, Web Apps, Collection, Edge E Drop, Edge Hub App Usage, Edge Tab Group, Edge Wallet, Encryption Keys}
{"logTime": "0928/093240", "correlationVector":"fh9b+riQX4IJy5JcUPEWVF.1","action":"SyncServerConnectionManagerRequest", "result":"SYNC_SERVER_OK", "context":{"environment":"Prod_SoutheastAsia_000j", "migrationStage":"NotStarted", "server":"GENERAL0100000X"}}
{"logTime": "0928/093240", "correlationVector":"fh9b+riQX4IJy5JcUPEWVF.2","action":"GetUpdates", "result":"DeleteReceived", "context":{"id":"b6e83c1e-78a9-42c4-bbea-8f6036964e83", "isDeleted:":"true", "version":"1727515489458"}}
{"logTime": "0928/093240", "correlationVector":"fh9b+riQX4IJy5JcUPEWVF.3","action":"GetUpdates Response", "result":"Success", "context":Received 3 update(s). cV=fh9b+riQX4IJy5JcUPEWVF.0;server=GENERAL0100000X;cloudType=Consumer;environment=Prod_SoutheastAsia_000j;migrationStage=NotStarted}
{"logTime": "0928/093754", "correlationVector":"FDe4Z5zFUrv4dJcYwn5yr7.1","action":"SyncServerConnectionManagerRequest", "result":"SYNC_SERVER_OK", "context":{"environment":"Prod_SoutheastAsia_000j", "migrationStage":"NotStarted", "server":"GENERAL0300001I"}}
{"logTime": "0928/093755", "correlationVector":"/0HHRS00o4eapBg8LaDlNn","action":"SyncServerConnectionManagerRequest", "result":"SYNC_SERVER_OK", "context":{"environment":"", "migrationStage":"", "server":""}}
{"logTime": "0928/093755", "correlationVector":"FDe4Z5zFUrv4dJcYwn5yr7","action":"Initial GetUpdates", "result":"", "context":Reason: NEW_CLIENT. cV=FDe4Z5zFUrv4dJcYwn5yr7}
{"logTime": "0928/093755", "correlationVector":"FDe4Z5zFUrv4dJcYwn5yr7.2","action":"GetUpdates Response", "result":"Success", "context":Received 1 update(s). cV=FDe4Z5zFUrv4dJcYwn5yr7.0;server=GENERAL0300001I;cloudType=Consumer;environment=Prod_SoutheastAsia_000j;migrationStage=NotStarted}
{"logTime": "0928/093755", "correlationVector":"ZJh/VxRSFdtMzJ+zUJmAFW","action":"Initial GetUpdates", "result":"", "context":Reason: NEWLY_SUPPORTED_DATATYPE. cV=ZJh/VxRSFdtMzJ+zUJmAFW}
{"logTime": "0928/093755", "correlationVector":"ZJh/VxRSFdtMzJ+zUJmAFW.1","action":"SyncServerConnectionManagerRequest", "result":"SYNC_SERVER_OK", "context":{"environment":"Prod_SoutheastAsia_000j", "migrationStage":"NotStarted", "server":"GENERAL0100000A"}}
{"logTime": "0928/093755", "correlationVector":"ZJh/VxRSFdtMzJ+zUJmAFW.2","action":"GetUpdates", "result":"DeleteReceived", "context":{"id":"a12cfe24-3c6d-4f51-9b86-9bd72ebf6c1f", "isDeleted:":"true", "version":"1697856682583"}}
{"logTime": "0928/093755", "correlationVector":"ZJh/VxRSFdtMzJ+zUJmAFW.3","action":"GetUpdates", "result":"DeleteReceived", "context":{"id":"1fd45bab-4aa9-4c21-aff9-77ee96f72cfb", "isDeleted:":"true", "version":"1709756000585"}}
{"logTime": "0928/093755", "correlationVector":"ZJh/VxRSFdtMzJ+zUJmAFW.4","action":"GetUpdates Response", "result":"Success", "context":Received 74 update(s). cV=ZJh/VxRSFdtMzJ+zUJmAFW.0;server=GENERAL0100000A;cloudType=Consumer;environment=Prod_SoutheastAsia_000j;migrationStage=NotStarted}
{"logTime": "0928/093756", "correlationVector":"TBI0zmtXf+TKoS779j2fdE","action":"Normal GetUpdate request", "result":"", "context":cV=TBI0zmtXf+TKoS779j2fdE
Nudged types: Sessions
Refresh requested types: Bookmarks, Preferences, Passwords, Autofill Profiles, Autofill, Typed URLs, Extensions, Sessions, Extension settings, History Delete Directives, Device Info, User Consents, Send Tab To Self, Web Apps, Collection, Edge E Drop, Edge Hub App Usage, Edge Tab Group, Edge Wallet, Encryption Keys}
{"logTime": "0928/093756", "correlationVector":"TBI0zmtXf+TKoS779j2fdE.1","action":"SyncServerConnectionManagerRequest", "result":"SYNC_SERVER_OK", "context":{"environment":"Prod_SoutheastAsia_000j", "migrationStage":"NotStarted", "server":"GENERAL01000013"}}
{"logTime": "0928/093756", "correlationVector":"TBI0zmtXf+TKoS779j2fdE.2","action":"GetUpdates Response", "result":"Success", "context":Received 0 update(s). cV=TBI0zmtXf+TKoS779j2fdE.0;server=GENERAL01000013;cloudType=Consumer;environment=Prod_SoutheastAsia_000j;migrationStage=NotStarted}
{"logTime": "0928/093756", "correlationVector":"Uh0/AdA/DCHpXKGGfa1M0a","action":"Commit Request", "result":"", "context":Item count: 3
Contributing types: Sessions}
{"logTime": "0928/093756", "correlationVector":"Uh0/AdA/DCHpXKGGfa1M0a.1","action":"SyncServerConnectionManagerRequest", "result":"SYNC_SERVER_OK", "context":{"environment":"Prod_SoutheastAsia_000j", "migrationStage":"NotStarted", "server":"GENERAL03000004"}}
{"logTime": "0928/093756", "correlationVector":"Uh0/AdA/DCHpXKGGfa1M0a.2","action":"Commit Response", "result":"Success", "context":Result: Success. cV=Uh0/AdA/DCHpXKGGfa1M0a.0;server=GENERAL03000004;cloudType=Consumer;environment=Prod_SoutheastAsia_000j;migrationStage=NotStarted}
{"logTime": "0928/093826", "correlationVector":"XloMEEuJLx4VJkewqEByVA","action":"Normal GetUpdate request", "result":"", "context":cV=XloMEEuJLx4VJkewqEByVA
Nudged types: Sessions}
{"logTime": "0928/093826", "correlationVector":"XloMEEuJLx4VJkewqEByVA.1","action":"SyncServerConnectionManagerRequest", "result":"SYNC_SERVER_OK", "context":{"environment":"Prod_SoutheastAsia_000j", "migrationStage":"NotStarted", "server":"GENERAL0100000M"}}
{"logTime": "0928/093826", "correlationVector":"XloMEEuJLx4VJkewqEByVA.2","action":"GetUpdates Response", "result":"Success", "context":Received 3 update(s). cV=XloMEEuJLx4VJkewqEByVA.0;server=GENERAL0100000M;cloudType=Consumer;environment=Prod_SoutheastAsia_000j;migrationStage=NotStarted}
{"logTime": "0928/093826", "correlationVector":"SVi2mZO1D835ExMl/04DVK","action":"Commit Request", "result":"", "context":Item count: 2
Contributing types: Sessions}
{"logTime": "0928/093826", "correlationVector":"SVi2mZO1D835ExMl/04DVK.1","action":"SyncServerConnectionManagerRequest", "result":"SYNC_SERVER_OK", "context":{"environment":"Prod_SoutheastAsia_000j", "migrationStage":"NotStarted", "server":"GENERAL0300002X"}}
{"logTime": "0928/093826", "correlationVector":"SVi2mZO1D835ExMl/04DVK.2","action":"Commit Response", "result":"Success", "context":Result: Success. cV=SVi2mZO1D835ExMl/04DVK.0;server=GENERAL0300002X;cloudType=Consumer;environment=Prod_SoutheastAsia_000j;migrationStage=NotStarted}
{"logTime": "0928/093826", "correlationVector":"SVi2mZO1D835ExMl/04DVK.3","action":"Commit.Sessions", "result":"Success", "context":{"id":"81a73a63-c9a3-4ad0-bf05-726616f4e6f0", "isDeleted":"true", "size":"0", "version":"1727516510073"}}
{"logTime": "0928/094047", "correlationVector":"WQwMhGZ6W/Tsz6ZFDNe+Nz.1","action":"SyncServerConnectionManagerRequest", "result":"SYNC_SERVER_OK", "context":{"environment":"Prod_SoutheastAsia_000j", "migrationStage":"NotStarted", "server":"GENERAL0300002H"}}
{"logTime": "0928/094049", "correlationVector":"AB5y+NSyMtZnInaqHAQnOZ","action":"SyncServerConnectionManagerRequest", "result":"SYNC_SERVER_OK", "context":{"environment":"", "migrationStage":"", "server":""}}
{"logTime": "0928/094049", "correlationVector":"WQwMhGZ6W/Tsz6ZFDNe+Nz","action":"Initial GetUpdates", "result":"", "context":Reason: NEW_CLIENT. cV=WQwMhGZ6W/Tsz6ZFDNe+Nz}
{"logTime": "0928/094049", "correlationVector":"WQwMhGZ6W/Tsz6ZFDNe+Nz.2","action":"GetUpdates Response", "result":"Success", "context":Received 1 update(s). cV=WQwMhGZ6W/Tsz6ZFDNe+Nz.0;server=GENERAL0300002H;cloudType=Consumer;environment=Prod_SoutheastAsia_000j;migrationStage=NotStarted}
{"logTime": "0928/094049", "correlationVector":"1aYWtJh9MwWVtHQKfBQlsJ","action":"Initial GetUpdates", "result":"", "context":Reason: NEWLY_SUPPORTED_DATATYPE. cV=1aYWtJh9MwWVtHQKfBQlsJ}
{"logTime": "0928/094049", "correlationVector":"1aYWtJh9MwWVtHQKfBQlsJ.1","action":"SyncServerConnectionManagerRequest", "result":"SYNC_SERVER_OK", "context":{"environment":"Prod_SoutheastAsia_000j", "migrationStage":"NotStarted", "server":"GENERAL0100001L"}}
{"logTime": "0928/094049", "correlationVector":"1aYWtJh9MwWVtHQKfBQlsJ.2","action":"GetUpdates", "result":"DeleteReceived", "context":{"id":"a12cfe24-3c6d-4f51-9b86-9bd72ebf6c1f", "isDeleted:":"true", "version":"1697856682583"}}
{"logTime": "0928/094049", "correlationVector":"1aYWtJh9MwWVtHQKfBQlsJ.3","action":"GetUpdates", "result":"DeleteReceived", "context":{"id":"1fd45bab-4aa9-4c21-aff9-77ee96f72cfb", "isDeleted:":"true", "version":"1709756000585"}}
{"logTime": "0928/094049", "correlationVector":"1aYWtJh9MwWVtHQKfBQlsJ.4","action":"GetUpdates Response", "result":"Success", "context":Received 74 update(s). cV=1aYWtJh9MwWVtHQKfBQlsJ.0;server=GENERAL0100001L;cloudType=Consumer;environment=Prod_SoutheastAsia_000j;migrationStage=NotStarted}
{"logTime": "0928/094049", "correlationVector":"pe++bpXiqP96cXtleCE9Ge","action":"Normal GetUpdate request", "result":"", "context":cV=pe++bpXiqP96cXtleCE9Ge
Nudged types: Sessions
Refresh requested types: Bookmarks, Preferences, Passwords, Autofill Profiles, Autofill, Typed URLs, Extensions, Sessions, Extension settings, History Delete Directives, Device Info, User Consents, Send Tab To Self, Web Apps, Collection, Edge E Drop, Edge Hub App Usage, Edge Tab Group, Edge Wallet, Encryption Keys}
{"logTime": "0928/094049", "correlationVector":"pe++bpXiqP96cXtleCE9Ge.1","action":"SyncServerConnectionManagerRequest", "result":"SYNC_SERVER_OK", "context":{"environment":"Prod_SoutheastAsia_000j", "migrationStage":"NotStarted", "server":"GENERAL0100000K"}}
{"logTime": "0928/094049", "correlationVector":"pe++bpXiqP96cXtleCE9Ge.2","action":"GetUpdates", "result":"DeleteReceived", "context":{"id":"81a73a63-c9a3-4ad0-bf05-726616f4e6f0", "isDeleted:":"true", "version":"1727516540516"}}
{"logTime": "0928/094049", "correlationVector":"pe++bpXiqP96cXtleCE9Ge.3","action":"GetUpdates Response", "result":"Success", "context":Received 2 update(s). cV=pe++bpXiqP96cXtleCE9Ge.0;server=GENERAL0100000K;cloudType=Consumer;environment=Prod_SoutheastAsia_000j;migrationStage=NotStarted}
{"logTime": "0928/094049", "correlationVector":"Euqqlyz4DdJqpjwuzhMYD0","action":"Commit Request", "result":"", "context":Item count: 3
Contributing types: Sessions}
{"logTime": "0928/094049", "correlationVector":"Euqqlyz4DdJqpjwuzhMYD0.1","action":"SyncServerConnectionManagerRequest", "result":"SYNC_SERVER_OK", "context":{"environment":"Prod_SoutheastAsia_000j", "migrationStage":"NotStarted", "server":"GENERAL01000017"}}
{"logTime": "0928/094049", "correlationVector":"Euqqlyz4DdJqpjwuzhMYD0.2","action":"Commit Response", "result":"Success", "context":Result: Success. cV=Euqqlyz4DdJqpjwuzhMYD0.0;server=GENERAL01000017;cloudType=Consumer;environment=Prod_SoutheastAsia_000j;migrationStage=NotStarted}
{"logTime": "0928/094119", "correlationVector":"6lPWLNWbx/K8Ffx+sbgZPc","action":"Normal GetUpdate request", "result":"", "context":cV=6lPWLNWbx/K8Ffx+sbgZPc
Nudged types: Sessions}
{"logTime": "0928/094120", "correlationVector":"6lPWLNWbx/K8Ffx+sbgZPc.1","action":"SyncServerConnectionManagerRequest", "result":"SYNC_SERVER_OK", "context":{"environment":"Prod_SoutheastAsia_000j", "migrationStage":"NotStarted", "server":"GENERAL01000006"}}
{"logTime": "0928/094120", "correlationVector":"6lPWLNWbx/K8Ffx+sbgZPc.2","action":"GetUpdates Response", "result":"Success", "context":Received 3 update(s). cV=6lPWLNWbx/K8Ffx+sbgZPc.0;server=GENERAL01000006;cloudType=Consumer;environment=Prod_SoutheastAsia_000j;migrationStage=NotStarted}
{"logTime": "0928/094120", "correlationVector":"OQT38eFRE/gnm49EYDzFQh","action":"Commit Request", "result":"", "context":Item count: 2
Contributing types: Sessions}
{"logTime": "0928/094120", "correlationVector":"OQT38eFRE/gnm49EYDzFQh.1","action":"SyncServerConnectionManagerRequest", "result":"SYNC_SERVER_OK", "context":{"environment":"Prod_SoutheastAsia_000j", "migrationStage":"NotStarted", "server":"GENERAL0300001Q"}}
{"logTime": "0928/094120", "correlationVector":"OQT38eFRE/gnm49EYDzFQh.2","action":"Commit Response", "result":"Success", "context":Result: Success. cV=OQT38eFRE/gnm49EYDzFQh.0;server=GENERAL0300001Q;cloudType=Consumer;environment=Prod_SoutheastAsia_000j;migrationStage=NotStarted}
{"logTime": "0928/094120", "correlationVector":"OQT38eFRE/gnm49EYDzFQh.3","action":"Commit.Sessions", "result":"Success", "context":{"id":"21e2b1b0-e610-47f3-a8ec-47468b2bdf1f", "isDeleted":"true", "size":"0", "version":"1727516683429"}}
{"logTime": "0928/094150", "correlationVector":"lteyugMiH0iFT5C7ZROCu0","action":"Commit Request", "result":"", "context":Item count: 1
Contributing types: Sessions}
{"logTime": "0928/094150", "correlationVector":"lteyugMiH0iFT5C7ZROCu0.1","action":"SyncServerConnectionManagerRequest", "result":"SYNC_SERVER_OK", "context":{"environment":"Prod_SoutheastAsia_000j", "migrationStage":"NotStarted", "server":"GENERAL0300002Z"}}
{"logTime": "0928/094150", "correlationVector":"lteyugMiH0iFT5C7ZROCu0.2","action":"Commit Response", "result":"Success", "context":Result: Success. cV=lteyugMiH0iFT5C7ZROCu0.0;server=GENERAL0300002Z;cloudType=Consumer;environment=Prod_SoutheastAsia_000j;migrationStage=NotStarted}
{"logTime": "0928/100139", "correlationVector":"IbEKLJzKMGGDVtFdQgB8Gr.1","action":"SyncServerConnectionManagerRequest", "result":"SYNC_SERVER_OK", "context":{"environment":"Prod_SoutheastAsia_000j", "migrationStage":"NotStarted", "server":"GENERAL03000029"}}
{"logTime": "0928/100139", "correlationVector":"cK0zEQlJdCd9qJ1gm976nL","action":"SyncServerConnectionManagerRequest", "result":"SYNC_SERVER_OK", "context":{"environment":"", "migrationStage":"", "server":""}}
{"logTime": "0928/100139", "correlationVector":"IbEKLJzKMGGDVtFdQgB8Gr","action":"Initial GetUpdates", "result":"", "context":Reason: NEW_CLIENT. cV=IbEKLJzKMGGDVtFdQgB8Gr}
{"logTime": "0928/100139", "correlationVector":"IbEKLJzKMGGDVtFdQgB8Gr.2","action":"GetUpdates Response", "result":"Success", "context":Received 1 update(s). cV=IbEKLJzKMGGDVtFdQgB8Gr.0;server=GENERAL03000029;cloudType=Consumer;environment=Prod_SoutheastAsia_000j;migrationStage=NotStarted}
{"logTime": "0928/100139", "correlationVector":"oUQVFWqki8MnMP9AmJ+jMX","action":"Initial GetUpdates", "result":"", "context":Reason: NEWLY_SUPPORTED_DATATYPE. cV=oUQVFWqki8MnMP9AmJ+jMX}
{"logTime": "0928/100140", "correlationVector":"oUQVFWqki8MnMP9AmJ+jMX.1","action":"SyncServerConnectionManagerRequest", "result":"SYNC_SERVER_OK", "context":{"environment":"Prod_SoutheastAsia_000j", "migrationStage":"NotStarted", "server":"GENERAL03000000"}}
{"logTime": "0928/100140", "correlationVector":"oUQVFWqki8MnMP9AmJ+jMX.2","action":"GetUpdates", "result":"DeleteReceived", "context":{"id":"a12cfe24-3c6d-4f51-9b86-9bd72ebf6c1f", "isDeleted:":"true", "version":"1697856682583"}}
{"logTime": "0928/100140", "correlationVector":"oUQVFWqki8MnMP9AmJ+jMX.3","action":"GetUpdates", "result":"DeleteReceived", "context":{"id":"1fd45bab-4aa9-4c21-aff9-77ee96f72cfb", "isDeleted:":"true", "version":"1709756000585"}}
{"logTime": "0928/100140", "correlationVector":"oUQVFWqki8MnMP9AmJ+jMX.4","action":"GetUpdates Response", "result":"Success", "context":Received 74 update(s). cV=oUQVFWqki8MnMP9AmJ+jMX.0;server=GENERAL03000000;cloudType=Consumer;environment=Prod_SoutheastAsia_000j;migrationStage=NotStarted}
{"logTime": "0928/100140", "correlationVector":"m5/pl/qfu/3YjT4InEZsz8","action":"Normal GetUpdate request", "result":"", "context":cV=m5/pl/qfu/3YjT4InEZsz8
Nudged types: Sessions
Refresh requested types: Bookmarks, Preferences, Passwords, Autofill Profiles, Autofill, Typed URLs, Extensions, Sessions, Extension settings, History Delete Directives, Device Info, User Consents, Send Tab To Self, Web Apps, Collection, Edge E Drop, Edge Hub App Usage, Edge Tab Group, Edge Wallet, Encryption Keys}
{"logTime": "0928/100140", "correlationVector":"m5/pl/qfu/3YjT4InEZsz8.1","action":"SyncServerConnectionManagerRequest", "result":"SYNC_SERVER_OK", "context":{"environment":"Prod_SoutheastAsia_000j", "migrationStage":"NotStarted", "server":"GENERAL0300000M"}}
{"logTime": "0928/100140", "correlationVector":"m5/pl/qfu/3YjT4InEZsz8.2","action":"GetUpdates", "result":"DeleteReceived", "context":{"id":"21e2b1b0-e610-47f3-a8ec-47468b2bdf1f", "isDeleted:":"true", "version":"1727516713843"}}
{"logTime": "0928/100140", "correlationVector":"m5/pl/qfu/3YjT4InEZsz8.3","action":"GetUpdates Response", "result":"Success", "context":Received 2 update(s). cV=m5/pl/qfu/3YjT4InEZsz8.0;server=GENERAL0300000M;cloudType=Consumer;environment=Prod_SoutheastAsia_000j;migrationStage=NotStarted}
{"logTime": "0928/100140", "correlationVector":"90QGWsnXmtTjagVwheof7Z","action":"Commit Request", "result":"", "context":Item count: 3
Contributing types: Sessions}
{"logTime": "0928/100140", "correlationVector":"90QGWsnXmtTjagVwheof7Z.1","action":"SyncServerConnectionManagerRequest", "result":"SYNC_SERVER_OK", "context":{"environment":"Prod_SoutheastAsia_000j", "migrationStage":"NotStarted", "server":"GENERAL01000007"}}
{"logTime": "0928/100140", "correlationVector":"90QGWsnXmtTjagVwheof7Z.3","action":"Commit.Sessions", "result":"Success", "context":{"id":"c0dc5f55-7711-41d3-a46d-79fdb946f34f", "isDeleted":"true", "size":"0", "version":"1727516743997"}}
{"logTime": "0928/100140", "correlationVector":"90QGWsnXmtTjagVwheof7Z.2","action":"Commit Response", "result":"Success", "context":Result: Success. cV=90QGWsnXmtTjagVwheof7Z.0;server=GENERAL01000007;cloudType=Consumer;environment=Prod_SoutheastAsia_000j;migrationStage=NotStarted}
{"logTime": "0928/100641", "correlationVector":"3gXgPTGQynJjT4XlDfXzy/.1","action":"SyncServerConnectionManagerRequest", "result":"SYNC_SERVER_OK", "context":{"environment":"Prod_SoutheastAsia_000j", "migrationStage":"NotStarted", "server":"GENERAL0300001E"}}
{"logTime": "0928/100641", "correlationVector":"WwqaGKo2kOoW1VZCUchKYH","action":"SyncServerConnectionManagerRequest", "result":"SYNC_SERVER_OK", "context":{"environment":"", "migrationStage":"", "server":""}}
{"logTime": "0928/100641", "correlationVector":"3gXgPTGQynJjT4XlDfXzy/","action":"Initial GetUpdates", "result":"", "context":Reason: NEW_CLIENT. cV=3gXgPTGQynJjT4XlDfXzy/}
{"logTime": "0928/100641", "correlationVector":"3gXgPTGQynJjT4XlDfXzy/.2","action":"GetUpdates Response", "result":"Success", "context":Received 1 update(s). cV=3gXgPTGQynJjT4XlDfXzy/.0;server=GENERAL0300001E;cloudType=Consumer;environment=Prod_SoutheastAsia_000j;migrationStage=NotStarted}
{"logTime": "0928/100641", "correlationVector":"gJ5Znsbp4SB0KOuPOf9W7D","action":"Initial GetUpdates", "result":"", "context":Reason: NEWLY_SUPPORTED_DATATYPE. cV=gJ5Znsbp4SB0KOuPOf9W7D}
{"logTime": "0928/100642", "correlationVector":"gJ5Znsbp4SB0KOuPOf9W7D.1","action":"SyncServerConnectionManagerRequest", "result":"SYNC_SERVER_OK", "context":{"environment":"Prod_SoutheastAsia_000j", "migrationStage":"NotStarted", "server":"GENERAL0100001H"}}
{"logTime": "0928/100642", "correlationVector":"gJ5Znsbp4SB0KOuPOf9W7D.2","action":"GetUpdates", "result":"DeleteReceived", "context":{"id":"a12cfe24-3c6d-4f51-9b86-9bd72ebf6c1f", "isDeleted:":"true", "version":"1697856682583"}}
{"logTime": "0928/100642", "correlationVector":"gJ5Znsbp4SB0KOuPOf9W7D.3","action":"GetUpdates", "result":"DeleteReceived", "context":{"id":"1fd45bab-4aa9-4c21-aff9-77ee96f72cfb", "isDeleted:":"true", "version":"1709756000585"}}
{"logTime": "0928/100642", "correlationVector":"gJ5Znsbp4SB0KOuPOf9W7D.4","action":"GetUpdates Response", "result":"Success", "context":Received 74 update(s). cV=gJ5Znsbp4SB0KOuPOf9W7D.0;server=GENERAL0100001H;cloudType=Consumer;environment=Prod_SoutheastAsia_000j;migrationStage=NotStarted}
{"logTime": "0928/100642", "correlationVector":"7wogRoMiljV94n268Jcb/d","action":"Normal GetUpdate request", "result":"", "context":cV=7wogRoMiljV94n268Jcb/d
Nudged types: Sessions
Refresh requested types: Bookmarks, Preferences, Passwords, Autofill Profiles, Autofill, Typed URLs, Extensions, Sessions, Extension settings, History Delete Directives, Device Info, User Consents, Send Tab To Self, Web Apps, Collection, Edge E Drop, Edge Hub App Usage, Edge Tab Group, Edge Wallet, Encryption Keys}
{"logTime": "0928/100642", "correlationVector":"7wogRoMiljV94n268Jcb/d.1","action":"SyncServerConnectionManagerRequest", "result":"SYNC_SERVER_OK", "context":{"environment":"Prod_SoutheastAsia_000j", "migrationStage":"NotStarted", "server":"GENERAL0100001E"}}
{"logTime": "0928/100642", "correlationVector":"7wogRoMiljV94n268Jcb/d.2","action":"GetUpdates", "result":"DeleteReceived", "context":{"id":"c0dc5f55-7711-41d3-a46d-79fdb946f34f", "isDeleted:":"true", "version":"1727517934290"}}
{"logTime": "0928/100642", "correlationVector":"7wogRoMiljV94n268Jcb/d.3","action":"GetUpdates", "result":"DeleteReceived", "context":{"id":"dd781fc5-424a-44a6-9473-1c23cd06db52", "isDeleted:":"true", "version":"1727518041640"}}
{"logTime": "0928/100642", "correlationVector":"7wogRoMiljV94n268Jcb/d.4","action":"GetUpdates Response", "result":"Success", "context":Received 4 update(s). cV=7wogRoMiljV94n268Jcb/d.0;server=GENERAL0100001E;cloudType=Consumer;environment=Prod_SoutheastAsia_000j;migrationStage=NotStarted}
{"logTime": "0928/100642", "correlationVector":"UtJ5/MWFeimGvQfw9xQD5Z","action":"Commit Request", "result":"", "context":Item count: 1
Contributing types: Sessions}
{"logTime": "0928/100642", "correlationVector":"UtJ5/MWFeimGvQfw9xQD5Z.1","action":"SyncServerConnectionManagerRequest", "result":"SYNC_SERVER_OK", "context":{"environment":"Prod_SoutheastAsia_000j", "migrationStage":"NotStarted", "server":"GENERAL0100000K"}}
{"logTime": "0928/100642", "correlationVector":"UtJ5/MWFeimGvQfw9xQD5Z.2","action":"Commit Response", "result":"Success", "context":Result: Success. cV=UtJ5/MWFeimGvQfw9xQD5Z.0;server=GENERAL0100000K;cloudType=Consumer;environment=Prod_SoutheastAsia_000j;migrationStage=NotStarted}
{"logTime": "0928/100712", "correlationVector":"UALMyisGEfu96w7JQUI583","action":"Normal GetUpdate request", "result":"", "context":cV=UALMyisGEfu96w7JQUI583
Nudged types: Sessions}
{"logTime": "0928/100713", "correlationVector":"UALMyisGEfu96w7JQUI583.1","action":"SyncServerConnectionManagerRequest", "result":"SYNC_SERVER_OK", "context":{"environment":"Prod_SoutheastAsia_000j", "migrationStage":"NotStarted", "server":"GENERAL01000009"}}
{"logTime": "0928/100713", "correlationVector":"UALMyisGEfu96w7JQUI583.2","action":"GetUpdates Response", "result":"Success", "context":Received 1 update(s). cV=UALMyisGEfu96w7JQUI583.0;server=GENERAL01000009;cloudType=Consumer;environment=Prod_SoutheastAsia_000j;migrationStage=NotStarted}
{"logTime": "0928/100713", "correlationVector":"ojqsC2bfMO/2BLj3UkfWph","action":"Commit Request", "result":"", "context":Item count: 3
Contributing types: Sessions}
{"logTime": "0928/100713", "correlationVector":"ojqsC2bfMO/2BLj3UkfWph.1","action":"SyncServerConnectionManagerRequest", "result":"SYNC_SERVER_OK", "context":{"environment":"Prod_SoutheastAsia_000j", "migrationStage":"NotStarted", "server":"GENERAL0300002I"}}
{"logTime": "0928/100713", "correlationVector":"ojqsC2bfMO/2BLj3UkfWph.2","action":"Commit Response", "result":"Success", "context":Result: Success. cV=ojqsC2bfMO/2BLj3UkfWph.0;server=GENERAL0300002I;cloudType=Consumer;environment=Prod_SoutheastAsia_000j;migrationStage=NotStarted}
{"logTime": "0928/100713", "correlationVector":"ojqsC2bfMO/2BLj3UkfWph.3","action":"Commit.Sessions", "result":"Success", "context":{"id":"3ae4ab93-3ab6-4edb-8779-5506bb91fbf2", "isDeleted":"true", "size":"0", "version":"1727518236310"}}
{"logTime": "0928/101453", "correlationVector":"aMvuvHGb+wtXEK0DwM5cV0.1","action":"SyncServerConnectionManagerRequest", "result":"SYNC_SERVER_OK", "context":{"environment":"Prod_SoutheastAsia_000j", "migrationStage":"NotStarted", "server":"GENERAL0300002H"}}
{"logTime": "0928/101454", "correlationVector":"3BHlP0yOwZgA3rkJnWDx6l","action":"SyncServerConnectionManagerRequest", "result":"SYNC_SERVER_OK", "context":{"environment":"", "migrationStage":"", "server":""}}
{"logTime": "0928/101454", "correlationVector":"aMvuvHGb+wtXEK0DwM5cV0","action":"Initial GetUpdates", "result":"", "context":Reason: NEW_CLIENT. cV=aMvuvHGb+wtXEK0DwM5cV0}
{"logTime": "0928/101454", "correlationVector":"aMvuvHGb+wtXEK0DwM5cV0.2","action":"GetUpdates Response", "result":"Success", "context":Received 1 update(s). cV=aMvuvHGb+wtXEK0DwM5cV0.0;server=GENERAL0300002H;cloudType=Consumer;environment=Prod_SoutheastAsia_000j;migrationStage=NotStarted}
{"logTime": "0928/101454", "correlationVector":"RiWx1Dswp/YVrGTs/Ih0PP","action":"Initial GetUpdates", "result":"", "context":Reason: NEWLY_SUPPORTED_DATATYPE. cV=RiWx1Dswp/YVrGTs/Ih0PP}
{"logTime": "0928/101454", "correlationVector":"RiWx1Dswp/YVrGTs/Ih0PP.1","action":"SyncServerConnectionManagerRequest", "result":"SYNC_SERVER_OK", "context":{"environment":"Prod_SoutheastAsia_000j", "migrationStage":"NotStarted", "server":"GENERAL0300000E"}}
{"logTime": "0928/101454", "correlationVector":"RiWx1Dswp/YVrGTs/Ih0PP.2","action":"GetUpdates", "result":"DeleteReceived", "context":{"id":"a12cfe24-3c6d-4f51-9b86-9bd72ebf6c1f", "isDeleted:":"true", "version":"1697856682583"}}
{"logTime": "0928/101454", "correlationVector":"RiWx1Dswp/YVrGTs/Ih0PP.3","action":"GetUpdates", "result":"DeleteReceived", "context":{"id":"1fd45bab-4aa9-4c21-aff9-77ee96f72cfb", "isDeleted:":"true", "version":"1709756000585"}}
{"logTime": "0928/101454", "correlationVector":"RiWx1Dswp/YVrGTs/Ih0PP.4","action":"GetUpdates Response", "result":"Success", "context":Received 74 update(s). cV=RiWx1Dswp/YVrGTs/Ih0PP.0;server=GENERAL0300000E;cloudType=Consumer;environment=Prod_SoutheastAsia_000j;migrationStage=NotStarted}
{"logTime": "0928/101454", "correlationVector":"FKgPVenDdbnyFwyqK7S4Ui","action":"Normal GetUpdate request", "result":"", "context":cV=FKgPVenDdbnyFwyqK7S4Ui
Nudged types: Sessions
Refresh requested types: Bookmarks, Preferences, Passwords, Autofill Profiles, Autofill, Typed URLs, Extensions, Sessions, Extension settings, History Delete Directives, Device Info, User Consents, Send Tab To Self, Web Apps, Collection, Edge E Drop, Edge Hub App Usage, Edge Tab Group, Edge Wallet, Encryption Keys}
{"logTime": "0928/101454", "correlationVector":"FKgPVenDdbnyFwyqK7S4Ui.1","action":"SyncServerConnectionManagerRequest", "result":"SYNC_SERVER_OK", "context":{"environment":"Prod_SoutheastAsia_000j", "migrationStage":"NotStarted", "server":"GENERAL0300001E"}}
{"logTime": "0928/101454", "correlationVector":"FKgPVenDdbnyFwyqK7S4Ui.2","action":"GetUpdates", "result":"DeleteReceived", "context":{"id":"3ae4ab93-3ab6-4edb-8779-5506bb91fbf2", "isDeleted:":"true", "version":"1727518266919"}}
{"logTime": "0928/101454", "correlationVector":"FKgPVenDdbnyFwyqK7S4Ui.3","action":"GetUpdates Response", "result":"Success", "context":Received 3 update(s). cV=FKgPVenDdbnyFwyqK7S4Ui.0;server=GENERAL0300001E;cloudType=Consumer;environment=Prod_SoutheastAsia_000j;migrationStage=NotStarted}
{"logTime": "0928/101454", "correlationVector":"J+MmjkPenlEy0GwwC/L+vk","action":"Commit Request", "result":"", "context":Item count: 3
Contributing types: Sessions}
{"logTime": "0928/101454", "correlationVector":"J+MmjkPenlEy0GwwC/L+vk.1","action":"SyncServerConnectionManagerRequest", "result":"SYNC_SERVER_OK", "context":{"environment":"Prod_SoutheastAsia_000j", "migrationStage":"NotStarted", "server":"GENERAL0300000U"}}
{"logTime": "0928/101454", "correlationVector":"J+MmjkPenlEy0GwwC/L+vk.2","action":"Commit Response", "result":"Success", "context":Result: Success. cV=J+MmjkPenlEy0GwwC/L+vk.0;server=GENERAL0300000U;cloudType=Consumer;environment=Prod_SoutheastAsia_000j;migrationStage=NotStarted}
{"logTime": "0928/101454", "correlationVector":"J+MmjkPenlEy0GwwC/L+vk.3","action":"Commit.Sessions", "result":"Success", "context":{"id":"d92be154-4661-4f2b-8ae5-347e58a8e795", "isDeleted":"true", "size":"0", "version":"1727518266920"}}
{"logTime": "0928/101524", "correlationVector":"fMfdUmzMIHLpqg0cRSz9t5","action":"Normal GetUpdate request", "result":"", "context":cV=fMfdUmzMIHLpqg0cRSz9t5
Nudged types: Sessions}
{"logTime": "0928/101525", "correlationVector":"fMfdUmzMIHLpqg0cRSz9t5.1","action":"SyncServerConnectionManagerRequest", "result":"SYNC_SERVER_OK", "context":{"environment":"Prod_SoutheastAsia_000j", "migrationStage":"NotStarted", "server":"GENERAL0300000G"}}
{"logTime": "0928/101525", "correlationVector":"fMfdUmzMIHLpqg0cRSz9t5.2","action":"GetUpdates", "result":"DeleteReceived", "context":{"id":"d92be154-4661-4f2b-8ae5-347e58a8e795", "isDeleted:":"true", "version":"1727518728443"}}
{"logTime": "0928/101525", "correlationVector":"fMfdUmzMIHLpqg0cRSz9t5.3","action":"GetUpdates Response", "result":"Success", "context":Received 3 update(s). cV=fMfdUmzMIHLpqg0cRSz9t5.0;server=GENERAL0300000G;cloudType=Consumer;environment=Prod_SoutheastAsia_000j;migrationStage=NotStarted}
{"logTime": "0928/101525", "correlationVector":"EgY3hCkKWwqpI4moZSUyjr","action":"Commit Request", "result":"", "context":Item count: 1
Contributing types: Sessions}
{"logTime": "0928/101525", "correlationVector":"EgY3hCkKWwqpI4moZSUyjr.1","action":"SyncServerConnectionManagerRequest", "result":"SYNC_SERVER_OK", "context":{"environment":"Prod_SoutheastAsia_000j", "migrationStage":"NotStarted", "server":"GENERAL0300000E"}}
{"logTime": "0928/101525", "correlationVector":"EgY3hCkKWwqpI4moZSUyjr.2","action":"Commit Response", "result":"Success", "context":Result: Success. cV=EgY3hCkKWwqpI4moZSUyjr.0;server=GENERAL0300000E;cloudType=Consumer;environment=Prod_SoutheastAsia_000j;migrationStage=NotStarted}
{"logTime": "0928/140111", "correlationVector":"Z0mebGCgW0xvTWeU3oRdSD.1","action":"SyncServerConnectionManagerRequest", "result":"SYNC_SERVER_OK", "context":{"environment":"Prod_SoutheastAsia_000j", "migrationStage":"NotStarted", "server":"GENERAL01000011"}}
{"logTime": "0928/140111", "correlationVector":"","action":"SyncServerConnectionManagerRequest", "result":"CONNECTION_UNAVAILABLE", "context":{"error_type":"net_error_code", "error_value":"-21"}}
{"logTime": "0928/140111", "correlationVector":"Z0mebGCgW0xvTWeU3oRdSD","action":"Initial GetUpdates", "result":"", "context":Reason: NEW_CLIENT. cV=Z0mebGCgW0xvTWeU3oRdSD}
{"logTime": "0928/140111", "correlationVector":"Z0mebGCgW0xvTWeU3oRdSD.2","action":"GetUpdates Response", "result":"Success", "context":Received 1 update(s). cV=Z0mebGCgW0xvTWeU3oRdSD.0;server=GENERAL01000011;cloudType=Consumer;environment=Prod_SoutheastAsia_000j;migrationStage=NotStarted}
{"logTime": "0928/140111", "correlationVector":"0q53i9Gcov3xaxm5yh/4Th","action":"Normal GetUpdate request", "result":"", "context":cV=0q53i9Gcov3xaxm5yh/4Th
Nudged types: Sessions
Refresh requested types: Bookmarks, Preferences, Typed URLs, Extensions, Sessions, Extension settings, History Delete Directives, Device Info, User Consents, Send Tab To Self, Web Apps, Collection, Edge E Drop, Edge Hub App Usage, Edge Tab Group, Edge Wallet, Encryption Keys}
{"logTime": "0928/140113", "correlationVector":"0q53i9Gcov3xaxm5yh/4Th.1","action":"SyncServerConnectionManagerRequest", "result":"SYNC_SERVER_OK", "context":{"environment":"Prod_SoutheastAsia_000j", "migrationStage":"NotStarted", "server":"GENERAL03000004"}}
{"logTime": "0928/140113", "correlationVector":"0q53i9Gcov3xaxm5yh/4Th.2","action":"GetUpdates Response", "result":"Success", "context":Received 1 update(s). cV=0q53i9Gcov3xaxm5yh/4Th.0;server=GENERAL03000004;cloudType=Consumer;environment=Prod_SoutheastAsia_000j;migrationStage=NotStarted}
{"logTime": "0928/140113", "correlationVector":"RbdKkmr5tVOmPqPRwWqxgT","action":"Commit Request", "result":"", "context":Item count: 3
Contributing types: Sessions}
{"logTime": "0928/140114", "correlationVector":"RbdKkmr5tVOmPqPRwWqxgT.1","action":"SyncServerConnectionManagerRequest", "result":"SYNC_SERVER_OK", "context":{"environment":"Prod_SoutheastAsia_000j", "migrationStage":"NotStarted", "server":"GENERAL0100000T"}}
{"logTime": "0928/140114", "correlationVector":"RbdKkmr5tVOmPqPRwWqxgT.3","action":"Commit.Sessions", "result":"Success", "context":{"id":"347d9cbf-e21b-47b2-9bf9-4497b457e8a7", "isDeleted":"true", "size":"0", "version":"1727518758848"}}
{"logTime": "0928/140114", "correlationVector":"RbdKkmr5tVOmPqPRwWqxgT.2","action":"Commit Response", "result":"Success", "context":Result: Success. cV=RbdKkmr5tVOmPqPRwWqxgT.0;server=GENERAL0100000T;cloudType=Consumer;environment=Prod_SoutheastAsia_000j;migrationStage=NotStarted}
{"logTime": "0928/140114", "correlationVector":"r4qwMNxbdILvbu8Wx29d2n","action":"SyncServerConnectionManagerRequest", "result":"SYNC_SERVER_OK", "context":{"environment":"", "migrationStage":"", "server":""}}
{"logTime": "0928/140114", "correlationVector":"d5aS4rZdQYrrOf8MCUYBsh","action":"Initial GetUpdates", "result":"", "context":Reason: NEWLY_SUPPORTED_DATATYPE. cV=d5aS4rZdQYrrOf8MCUYBsh}
{"logTime": "0928/140114", "correlationVector":"d5aS4rZdQYrrOf8MCUYBsh.1","action":"SyncServerConnectionManagerRequest", "result":"SYNC_SERVER_OK", "context":{"environment":"Prod_SoutheastAsia_000j", "migrationStage":"NotStarted", "server":"GENERAL03000030"}}
{"logTime": "0928/140114", "correlationVector":"d5aS4rZdQYrrOf8MCUYBsh.2","action":"GetUpdates", "result":"DeleteReceived", "context":{"id":"a12cfe24-3c6d-4f51-9b86-9bd72ebf6c1f", "isDeleted:":"true", "version":"1697856682583"}}
{"logTime": "0928/140114", "correlationVector":"d5aS4rZdQYrrOf8MCUYBsh.3","action":"GetUpdates", "result":"DeleteReceived", "context":{"id":"1fd45bab-4aa9-4c21-aff9-77ee96f72cfb", "isDeleted:":"true", "version":"1709756000585"}}
{"logTime": "0928/140114", "correlationVector":"d5aS4rZdQYrrOf8MCUYBsh.4","action":"GetUpdates Response", "result":"Success", "context":Received 74 update(s). cV=d5aS4rZdQYrrOf8MCUYBsh.0;server=GENERAL03000030;cloudType=Consumer;environment=Prod_SoutheastAsia_000j;migrationStage=NotStarted}
{"logTime": "0928/140115", "correlationVector":"djYd35kz87WKb9P1Zrqbve","action":"Normal GetUpdate request", "result":"", "context":cV=djYd35kz87WKb9P1Zrqbve
Nudged types: Sessions
Refresh requested types: Bookmarks, Preferences, Passwords, Autofill Profiles, Autofill, Typed URLs, Extensions, Sessions, Extension settings, History Delete Directives, Device Info, User Consents, Send Tab To Self, Web Apps, Collection, Edge E Drop, Edge Hub App Usage, Edge Tab Group, Edge Wallet, Encryption Keys}
{"logTime": "0928/140115", "correlationVector":"djYd35kz87WKb9P1Zrqbve.1","action":"SyncServerConnectionManagerRequest", "result":"SYNC_SERVER_OK", "context":{"environment":"Prod_SoutheastAsia_000j", "migrationStage":"NotStarted", "server":"GENERAL0300001B"}}
{"logTime": "0928/140115", "correlationVector":"djYd35kz87WKb9P1Zrqbve.2","action":"GetUpdates", "result":"DeleteReceived", "context":{"id":"347d9cbf-e21b-47b2-9bf9-4497b457e8a7", "isDeleted:":"true", "version":"1727532307565"}}
{"logTime": "0928/140115", "correlationVector":"djYd35kz87WKb9P1Zrqbve.3","action":"GetUpdates Response", "result":"Success", "context":Received 3 update(s). cV=djYd35kz87WKb9P1Zrqbve.0;server=GENERAL0300001B;cloudType=Consumer;environment=Prod_SoutheastAsia_000j;migrationStage=NotStarted}
{"logTime": "0928/155240", "correlationVector":"jgppEKABAa1BiB7dCuiW5C.1","action":"SyncServerConnectionManagerRequest", "result":"SYNC_SERVER_OK", "context":{"environment":"Prod_SoutheastAsia_000j", "migrationStage":"NotStarted", "server":"GENERAL0100000I"}}
{"logTime": "0928/155241", "correlationVector":"s9nTHcJOsY5c3bNbV30AB1","action":"SyncServerConnectionManagerRequest", "result":"SYNC_SERVER_OK", "context":{"environment":"", "migrationStage":"", "server":""}}
{"logTime": "0928/155241", "correlationVector":"jgppEKABAa1BiB7dCuiW5C","action":"Initial GetUpdates", "result":"", "context":Reason: NEW_CLIENT. cV=jgppEKABAa1BiB7dCuiW5C}
{"logTime": "0928/155241", "correlationVector":"jgppEKABAa1BiB7dCuiW5C.2","action":"GetUpdates Response", "result":"Success", "context":Received 1 update(s). cV=jgppEKABAa1BiB7dCuiW5C.0;server=GENERAL0100000I;cloudType=Consumer;environment=Prod_SoutheastAsia_000j;migrationStage=NotStarted}
{"logTime": "0928/155241", "correlationVector":"O0xMQLyHF1hQefLWWb9JvC","action":"Initial GetUpdates", "result":"", "context":Reason: NEWLY_SUPPORTED_DATATYPE. cV=O0xMQLyHF1hQefLWWb9JvC}
{"logTime": "0928/155241", "correlationVector":"O0xMQLyHF1hQefLWWb9JvC.1","action":"SyncServerConnectionManagerRequest", "result":"SYNC_SERVER_OK", "context":{"environment":"Prod_SoutheastAsia_000j", "migrationStage":"NotStarted", "server":"GENERAL01000008"}}
{"logTime": "0928/155241", "correlationVector":"O0xMQLyHF1hQefLWWb9JvC.2","action":"GetUpdates", "result":"DeleteReceived", "context":{"id":"a12cfe24-3c6d-4f51-9b86-9bd72ebf6c1f", "isDeleted:":"true", "version":"1697856682583"}}
{"logTime": "0928/155241", "correlationVector":"O0xMQLyHF1hQefLWWb9JvC.3","action":"GetUpdates", "result":"DeleteReceived", "context":{"id":"1fd45bab-4aa9-4c21-aff9-77ee96f72cfb", "isDeleted:":"true", "version":"1709756000585"}}
{"logTime": "0928/155241", "correlationVector":"O0xMQLyHF1hQefLWWb9JvC.4","action":"GetUpdates Response", "result":"Success", "context":Received 74 update(s). cV=O0xMQLyHF1hQefLWWb9JvC.0;server=GENERAL01000008;cloudType=Consumer;environment=Prod_SoutheastAsia_000j;migrationStage=NotStarted}
{"logTime": "0928/155241", "correlationVector":"R4vg9LK9jdHpWZA6TvnUjY","action":"Normal GetUpdate request", "result":"", "context":cV=R4vg9LK9jdHpWZA6TvnUjY
Nudged types: Sessions
Refresh requested types: Bookmarks, Preferences, Passwords, Autofill Profiles, Autofill, Typed URLs, Extensions, Sessions, Extension settings, History Delete Directives, Device Info, User Consents, Send Tab To Self, Web Apps, Collection, Edge E Drop, Edge Hub App Usage, Edge Tab Group, Edge Wallet, Encryption Keys}
{"logTime": "0928/155241", "correlationVector":"R4vg9LK9jdHpWZA6TvnUjY.1","action":"SyncServerConnectionManagerRequest", "result":"SYNC_SERVER_OK", "context":{"environment":"Prod_SoutheastAsia_000j", "migrationStage":"NotStarted", "server":"GENERAL0100000A"}}
{"logTime": "0928/155241", "correlationVector":"R4vg9LK9jdHpWZA6TvnUjY.2","action":"GetUpdates", "result":"DeleteReceived", "context":{"id":"dec542e6-ece0-4726-b92d-eee3fbadd901", "isDeleted:":"true", "version":"1727532394415"}}
{"logTime": "0928/155241", "correlationVector":"R4vg9LK9jdHpWZA6TvnUjY.3","action":"GetUpdates Response", "result":"Success", "context":Received 3 update(s). cV=R4vg9LK9jdHpWZA6TvnUjY.0;server=GENERAL0100000A;cloudType=Consumer;environment=Prod_SoutheastAsia_000j;migrationStage=NotStarted}
{"logTime": "0928/155314", "correlationVector":"4Y/pZg41RCggyuZa5ac1BL","action":"Normal GetUpdate request", "result":"", "context":cV=4Y/pZg41RCggyuZa5ac1BL
Nudged types: Sessions}
{"logTime": "0928/155314", "correlationVector":"4Y/pZg41RCggyuZa5ac1BL.1","action":"SyncServerConnectionManagerRequest", "result":"SYNC_SERVER_OK", "context":{"environment":"Prod_SoutheastAsia_000j", "migrationStage":"NotStarted", "server":"GENERAL0300000S"}}
{"logTime": "0928/155314", "correlationVector":"4Y/pZg41RCggyuZa5ac1BL.2","action":"GetUpdates Response", "result":"Success", "context":Received 0 update(s). cV=4Y/pZg41RCggyuZa5ac1BL.0;server=GENERAL0300000S;cloudType=Consumer;environment=Prod_SoutheastAsia_000j;migrationStage=NotStarted}
{"logTime": "0928/155314", "correlationVector":"aOfxq4vW+IaCtq4DEK3tMC","action":"Commit Request", "result":"", "context":Item count: 2
Contributing types: Sessions}
{"logTime": "0928/155314", "correlationVector":"aOfxq4vW+IaCtq4DEK3tMC.1","action":"SyncServerConnectionManagerRequest", "result":"SYNC_SERVER_OK", "context":{"environment":"Prod_SoutheastAsia_000j", "migrationStage":"NotStarted", "server":"GENERAL0100000T"}}
{"logTime": "0928/155314", "correlationVector":"aOfxq4vW+IaCtq4DEK3tMC.2","action":"Commit Response", "result":"Success", "context":Result: Success. cV=aOfxq4vW+IaCtq4DEK3tMC.0;server=GENERAL0100000T;cloudType=Consumer;environment=Prod_SoutheastAsia_000j;migrationStage=NotStarted}
{"logTime": "0928/155344", "correlationVector":"3MjrqIVbWpFbXGMcet1K/P","action":"Normal GetUpdate request", "result":"", "context":cV=3MjrqIVbWpFbXGMcet1K/P
Nudged types: Sessions}
{"logTime": "0928/155345", "correlationVector":"3MjrqIVbWpFbXGMcet1K/P.1","action":"SyncServerConnectionManagerRequest", "result":"SYNC_SERVER_OK", "context":{"environment":"Prod_SoutheastAsia_000j", "migrationStage":"NotStarted", "server":"GENERAL01000018"}}
{"logTime": "0928/155345", "correlationVector":"3MjrqIVbWpFbXGMcet1K/P.2","action":"GetUpdates Response", "result":"Success", "context":Received 2 update(s). cV=3MjrqIVbWpFbXGMcet1K/P.0;server=GENERAL01000018;cloudType=Consumer;environment=Prod_SoutheastAsia_000j;migrationStage=NotStarted}
{"logTime": "0928/155345", "correlationVector":"sfgTkbNj6IEMpoHwj+4b9c","action":"Commit Request", "result":"", "context":Item count: 1
Contributing types: Sessions}
{"logTime": "0928/155345", "correlationVector":"sfgTkbNj6IEMpoHwj+4b9c.1","action":"SyncServerConnectionManagerRequest", "result":"SYNC_SERVER_OK", "context":{"environment":"Prod_SoutheastAsia_000j", "migrationStage":"NotStarted", "server":"GENERAL01000004"}}
{"logTime": "0928/155345", "correlationVector":"sfgTkbNj6IEMpoHwj+4b9c.2","action":"Commit Response", "result":"Success", "context":Result: Success. cV=sfgTkbNj6IEMpoHwj+4b9c.0;server=GENERAL01000004;cloudType=Consumer;environment=Prod_SoutheastAsia_000j;migrationStage=NotStarted}
{"logTime": "1004/022552", "correlationVector":"dL+W6IsTnmrp8gKUtNqdtW.1","action":"SyncServerConnectionManagerRequest", "result":"SYNC_SERVER_OK", "context":{"environment":"Prod_SoutheastAsia_000j", "migrationStage":"NotStarted", "server":"GENERAL0100000Q"}}
{"logTime": "1004/022553", "correlationVector":"GLi5UBeneelmSP38ZQv5U2","action":"SyncServerConnectionManagerRequest", "result":"SYNC_SERVER_OK", "context":{"environment":"", "migrationStage":"", "server":""}}
{"logTime": "1004/022553", "correlationVector":"dL+W6IsTnmrp8gKUtNqdtW","action":"Initial GetUpdates", "result":"", "context":Reason: NEW_CLIENT. cV=dL+W6IsTnmrp8gKUtNqdtW}
{"logTime": "1004/022553", "correlationVector":"dL+W6IsTnmrp8gKUtNqdtW.2","action":"GetUpdates Response", "result":"Success", "context":Received 1 update(s). cV=dL+W6IsTnmrp8gKUtNqdtW.0;server=GENERAL0100000Q;cloudType=Consumer;environment=Prod_SoutheastAsia_000j;migrationStage=NotStarted}
{"logTime": "1004/022553", "correlationVector":"NitJJZyqpn2CVFZRdgGBwW","action":"Initial GetUpdates", "result":"", "context":Reason: NEWLY_SUPPORTED_DATATYPE. cV=NitJJZyqpn2CVFZRdgGBwW}
{"logTime": "1004/022554", "correlationVector":"NitJJZyqpn2CVFZRdgGBwW.1","action":"SyncServerConnectionManagerRequest", "result":"SYNC_SERVER_OK", "context":{"environment":"Prod_SoutheastAsia_000j", "migrationStage":"NotStarted", "server":"GENERAL0100000Q"}}
{"logTime": "1004/022554", "correlationVector":"NitJJZyqpn2CVFZRdgGBwW.2","action":"GetUpdates", "result":"DeleteReceived", "context":{"id":"a12cfe24-3c6d-4f51-9b86-9bd72ebf6c1f", "isDeleted:":"true", "version":"1697856682583"}}
{"logTime": "1004/022554", "correlationVector":"NitJJZyqpn2CVFZRdgGBwW.3","action":"GetUpdates", "result":"DeleteReceived", "context":{"id":"1fd45bab-4aa9-4c21-aff9-77ee96f72cfb", "isDeleted:":"true", "version":"1709756000585"}}
{"logTime": "1004/022554", "correlationVector":"NitJJZyqpn2CVFZRdgGBwW.4","action":"GetUpdates Response", "result":"Success", "context":Received 74 update(s). cV=NitJJZyqpn2CVFZRdgGBwW.0;server=GENERAL0100000Q;cloudType=Consumer;environment=Prod_SoutheastAsia_000j;migrationStage=NotStarted}
{"logTime": "1004/022554", "correlationVector":"aDPvi/SHNGazPNqAlYe5Tp","action":"Normal GetUpdate request", "result":"", "context":cV=aDPvi/SHNGazPNqAlYe5Tp
Nudged types: Sessions, Device Info
Refresh requested types: Bookmarks, Preferences, Passwords, Autofill Profiles, Autofill, Typed URLs, Extensions, Sessions, Extension settings, History Delete Directives, Device Info, User Consents, Send Tab To Self, Web Apps, Collection, Edge E Drop, Edge Hub App Usage, Edge Tab Group, Edge Wallet, Encryption Keys}
{"logTime": "1004/022554", "correlationVector":"aDPvi/SHNGazPNqAlYe5Tp.1","action":"SyncServerConnectionManagerRequest", "result":"SYNC_SERVER_OK", "context":{"environment":"Prod_SoutheastAsia_000j", "migrationStage":"NotStarted", "server":"GENERAL0100001A"}}
{"logTime": "1004/022554", "correlationVector":"aDPvi/SHNGazPNqAlYe5Tp.2","action":"GetUpdates Response", "result":"Success", "context":Received 2 update(s). cV=aDPvi/SHNGazPNqAlYe5Tp.0;server=GENERAL0100001A;cloudType=Consumer;environment=Prod_SoutheastAsia_000j;migrationStage=NotStarted}
{"logTime": "1004/022554", "correlationVector":"PnyQuMp2iPbh25+QN8+3ka","action":"Commit Request", "result":"", "context":Item count: 4
Contributing types: Sessions, Device Info}
{"logTime": "1004/022554", "correlationVector":"PnyQuMp2iPbh25+QN8+3ka.1","action":"SyncServerConnectionManagerRequest", "result":"SYNC_SERVER_OK", "context":{"environment":"Prod_SoutheastAsia_000j", "migrationStage":"NotStarted", "server":"GENERAL0100001A"}}
{"logTime": "1004/022554", "correlationVector":"PnyQuMp2iPbh25+QN8+3ka.3","action":"Commit.Sessions", "result":"Success", "context":{"id":"14bf038e-23f2-4667-8712-8bd09af097bd", "isDeleted":"true", "size":"0", "version":"1727539059073"}}
{"logTime": "1004/022554", "correlationVector":"PnyQuMp2iPbh25+QN8+3ka.2","action":"Commit Response", "result":"Success", "context":Result: Success. cV=PnyQuMp2iPbh25+QN8+3ka.0;server=GENERAL0100001A;cloudType=Consumer;environment=Prod_SoutheastAsia_000j;migrationStage=NotStarted}
{"logTime": "1004/022554", "correlationVector":"gKD12uA61Ae7u0Cn1Q8ixw","action":"Normal GetUpdate request", "result":"", "context":cV=gKD12uA61Ae7u0Cn1Q8ixw
Nudged types: Sessions, Device Info}
{"logTime": "1004/022555", "correlationVector":"gKD12uA61Ae7u0Cn1Q8ixw.1","action":"SyncServerConnectionManagerRequest", "result":"SYNC_SERVER_OK", "context":{"environment":"Prod_SoutheastAsia_000j", "migrationStage":"NotStarted", "server":"GENERAL0100000M"}}
{"logTime": "1004/022555", "correlationVector":"gKD12uA61Ae7u0Cn1Q8ixw.2","action":"GetUpdates", "result":"DeleteReceived", "context":{"id":"14bf038e-23f2-4667-8712-8bd09af097bd", "isDeleted:":"true", "version":"1728008989720"}}
{"logTime": "1004/022555", "correlationVector":"gKD12uA61Ae7u0Cn1Q8ixw.3","action":"GetUpdates Response", "result":"Success", "context":Received 4 update(s). cV=gKD12uA61Ae7u0Cn1Q8ixw.0;server=GENERAL0100000M;cloudType=Consumer;environment=Prod_SoutheastAsia_000j;migrationStage=NotStarted}
{"logTime": "1004/022555", "correlationVector":"/mFW9N5fuNkBJWpe+67+17","action":"Poll GetUpdate request", "result":"", "context":cV=/mFW9N5fuNkBJWpe+67+17}
{"logTime": "1004/022555", "correlationVector":"/mFW9N5fuNkBJWpe+67+17.1","action":"SyncServerConnectionManagerRequest", "result":"SYNC_SERVER_OK", "context":{"environment":"Prod_SoutheastAsia_000j", "migrationStage":"NotStarted", "server":"GENERAL01000004"}}
{"logTime": "1004/022555", "correlationVector":"/mFW9N5fuNkBJWpe+67+17.2","action":"GetUpdates Response", "result":"Success", "context":Received 0 update(s). cV=/mFW9N5fuNkBJWpe+67+17.0;server=GENERAL01000004;cloudType=Consumer;environment=Prod_SoutheastAsia_000j;migrationStage=NotStarted}
{"logTime": "1004/022557", "correlationVector":"Gq5C8Hm0DlDvHk67+aKA2T","action":"Normal GetUpdate request", "result":"", "context":cV=Gq5C8Hm0DlDvHk67+aKA2T
Nudged types: Preferences, Passwords, Sessions}
{"logTime": "1004/022557", "correlationVector":"Gq5C8Hm0DlDvHk67+aKA2T.1","action":"SyncServerConnectionManagerRequest", "result":"SYNC_SERVER_OK", "context":{"environment":"Prod_SoutheastAsia_000j", "migrationStage":"NotStarted", "server":"GENERAL0300002X"}}
{"logTime": "1004/022557", "correlationVector":"Gq5C8Hm0DlDvHk67+aKA2T.2","action":"GetUpdates Response", "result":"Success", "context":Received 0 update(s). cV=Gq5C8Hm0DlDvHk67+aKA2T.0;server=GENERAL0300002X;cloudType=Consumer;environment=Prod_SoutheastAsia_000j;migrationStage=NotStarted}
{"logTime": "1004/022557", "correlationVector":"Go/g5DiJQ9iJ/P4B6xHbrE","action":"Commit Request", "result":"", "context":Item count: 3
Contributing types: Preferences, Passwords, Sessions}
{"logTime": "1004/022557", "correlationVector":"Go/g5DiJQ9iJ/P4B6xHbrE.1","action":"SyncServerConnectionManagerRequest", "result":"SYNC_SERVER_OK", "context":{"environment":"Prod_SoutheastAsia_000j", "migrationStage":"NotStarted", "server":"GENERAL0100000T"}}
{"logTime": "1004/022557", "correlationVector":"Go/g5DiJQ9iJ/P4B6xHbrE.2","action":"Commit Response", "result":"Success", "context":Result: Success. cV=Go/g5DiJQ9iJ/P4B6xHbrE.0;server=GENERAL0100000T;cloudType=Consumer;environment=Prod_SoutheastAsia_000j;migrationStage=NotStarted}
{"logTime": "1004/022606", "correlationVector":"GZspdJA0zmbcqcgrKj2bNl","action":"Commit Request", "result":"", "context":Item count: 1
Contributing types: Edge Hub App Usage}
{"logTime": "1004/022606", "correlationVector":"GZspdJA0zmbcqcgrKj2bNl.1","action":"SyncServerConnectionManagerRequest", "result":"SYNC_SERVER_OK", "context":{"environment":"Prod_SoutheastAsia_000j", "migrationStage":"NotStarted", "server":"GENERAL0300000Z"}}
{"logTime": "1004/022606", "correlationVector":"GZspdJA0zmbcqcgrKj2bNl.2","action":"Commit Response", "result":"Success", "context":Result: Success. cV=GZspdJA0zmbcqcgrKj2bNl.0;server=GENERAL0300000Z;cloudType=Consumer;environment=Prod_SoutheastAsia_000j;migrationStage=NotStarted}
{"logTime": "1004/024908", "correlationVector":"sn9GE/F+AkQthvC5uDeB0l.1","action":"SyncServerConnectionManagerRequest", "result":"SYNC_SERVER_OK", "context":{"environment":"Prod_SoutheastAsia_000j", "migrationStage":"NotStarted", "server":"GENERAL01000002"}}
{"logTime": "1004/024909", "correlationVector":"6ujPSxpjDM1hqMhfbUC+hq","action":"SyncServerConnectionManagerRequest", "result":"SYNC_SERVER_OK", "context":{"environment":"", "migrationStage":"", "server":""}}
{"logTime": "1004/024909", "correlationVector":"sn9GE/F+AkQthvC5uDeB0l","action":"Initial GetUpdates", "result":"", "context":Reason: NEW_CLIENT. cV=sn9GE/F+AkQthvC5uDeB0l}
{"logTime": "1004/024909", "correlationVector":"sn9GE/F+AkQthvC5uDeB0l.2","action":"GetUpdates Response", "result":"Success", "context":Received 1 update(s). cV=sn9GE/F+AkQthvC5uDeB0l.0;server=GENERAL01000002;cloudType=Consumer;environment=Prod_SoutheastAsia_000j;migrationStage=NotStarted}
{"logTime": "1004/024909", "correlationVector":"SpFP5gcEQxTUnTYcg4nnkf","action":"Initial GetUpdates", "result":"", "context":Reason: NEWLY_SUPPORTED_DATATYPE. cV=SpFP5gcEQxTUnTYcg4nnkf}
{"logTime": "1004/024909", "correlationVector":"SpFP5gcEQxTUnTYcg4nnkf.1","action":"SyncServerConnectionManagerRequest", "result":"SYNC_SERVER_OK", "context":{"environment":"Prod_SoutheastAsia_000j", "migrationStage":"NotStarted", "server":"GENERAL0300002S"}}
{"logTime": "1004/024909", "correlationVector":"SpFP5gcEQxTUnTYcg4nnkf.2","action":"GetUpdates", "result":"DeleteReceived", "context":{"id":"a12cfe24-3c6d-4f51-9b86-9bd72ebf6c1f", "isDeleted:":"true", "version":"1697856682583"}}
{"logTime": "1004/024909", "correlationVector":"SpFP5gcEQxTUnTYcg4nnkf.3","action":"GetUpdates", "result":"DeleteReceived", "context":{"id":"1fd45bab-4aa9-4c21-aff9-77ee96f72cfb", "isDeleted:":"true", "version":"1709756000585"}}
{"logTime": "1004/024909", "correlationVector":"SpFP5gcEQxTUnTYcg4nnkf.4","action":"GetUpdates Response", "result":"Success", "context":Received 74 update(s). cV=SpFP5gcEQxTUnTYcg4nnkf.0;server=GENERAL0300002S;cloudType=Consumer;environment=Prod_SoutheastAsia_000j;migrationStage=NotStarted}
{"logTime": "1004/024909", "correlationVector":"JOI54LbnvzWLtN8Af5Vbqh","action":"Normal GetUpdate request", "result":"", "context":cV=JOI54LbnvzWLtN8Af5Vbqh
Nudged types: Sessions
Refresh requested types: Bookmarks, Preferences, Passwords, Autofill Profiles, Autofill, Typed URLs, Extensions, Sessions, Extension settings, History Delete Directives, Device Info, User Consents, Send Tab To Self, Web Apps, Collection, Edge E Drop, Edge Hub App Usage, Edge Tab Group, Edge Wallet, Encryption Keys}
{"logTime": "1004/024909", "correlationVector":"JOI54LbnvzWLtN8Af5Vbqh.1","action":"SyncServerConnectionManagerRequest", "result":"SYNC_SERVER_OK", "context":{"environment":"Prod_SoutheastAsia_000j", "migrationStage":"NotStarted", "server":"GENERAL01000017"}}
{"logTime": "1004/024909", "correlationVector":"JOI54LbnvzWLtN8Af5Vbqh.2","action":"GetUpdates Response", "result":"Success", "context":Received 3 update(s). cV=JOI54LbnvzWLtN8Af5Vbqh.0;server=GENERAL01000017;cloudType=Consumer;environment=Prod_SoutheastAsia_000j;migrationStage=NotStarted}
{"logTime": "1004/024909", "correlationVector":"vDHNd/DfwiG/FkMXukKnS7","action":"Commit Request", "result":"", "context":Item count: 3
Contributing types: Sessions}
{"logTime": "1004/024910", "correlationVector":"vDHNd/DfwiG/FkMXukKnS7.1","action":"SyncServerConnectionManagerRequest", "result":"SYNC_SERVER_OK", "context":{"environment":"Prod_SoutheastAsia_000j", "migrationStage":"NotStarted", "server":"GENERAL0300001X"}}
{"logTime": "1004/024910", "correlationVector":"vDHNd/DfwiG/FkMXukKnS7.3","action":"Commit.Sessions", "result":"Success", "context":{"id":"fec84b9f-73f7-4665-bddd-28d964428c17", "isDeleted":"true", "size":"0", "version":"1728008992530"}}
{"logTime": "1004/024910", "correlationVector":"vDHNd/DfwiG/FkMXukKnS7.2","action":"Commit Response", "result":"Success", "context":Result: Success. cV=vDHNd/DfwiG/FkMXukKnS7.0;server=GENERAL0300001X;cloudType=Consumer;environment=Prod_SoutheastAsia_000j;migrationStage=NotStarted}
{"logTime": "1004/024940", "correlationVector":"jI/GXA+a20XuUZo1iQtM5a","action":"Normal GetUpdate request", "result":"", "context":cV=jI/GXA+a20XuUZo1iQtM5a
Nudged types: Sessions}
{"logTime": "1004/024940", "correlationVector":"jI/GXA+a20XuUZo1iQtM5a.1","action":"SyncServerConnectionManagerRequest", "result":"SYNC_SERVER_OK", "context":{"environment":"Prod_SoutheastAsia_000j", "migrationStage":"NotStarted", "server":"GENERAL0100001G"}}
{"logTime": "1004/024940", "correlationVector":"jI/GXA+a20XuUZo1iQtM5a.2","action":"GetUpdates", "result":"DeleteReceived", "context":{"id":"fec84b9f-73f7-4665-bddd-28d964428c17", "isDeleted:":"true", "version":"1728010384896"}}
{"logTime": "1004/024940", "correlationVector":"jI/GXA+a20XuUZo1iQtM5a.3","action":"GetUpdates Response", "result":"Success", "context":Received 3 update(s). cV=jI/GXA+a20XuUZo1iQtM5a.0;server=GENERAL0100001G;cloudType=Consumer;environment=Prod_SoutheastAsia_000j;migrationStage=NotStarted}
{"logTime": "1004/024940", "correlationVector":"8NgOxgBN/MEbiO2oJzGrA4","action":"Commit Request", "result":"", "context":Item count: 1
Contributing types: Sessions}
{"logTime": "1004/024940", "correlationVector":"8NgOxgBN/MEbiO2oJzGrA4.1","action":"SyncServerConnectionManagerRequest", "result":"SYNC_SERVER_OK", "context":{"environment":"Prod_SoutheastAsia_000j", "migrationStage":"NotStarted", "server":"GENERAL0300001A"}}
{"logTime": "1004/024940", "correlationVector":"8NgOxgBN/MEbiO2oJzGrA4.2","action":"Commit Response", "result":"Success", "context":Result: Success. cV=8NgOxgBN/MEbiO2oJzGrA4.0;server=GENERAL0300001A;cloudType=Consumer;environment=Prod_SoutheastAsia_000j;migrationStage=NotStarted}
{"logTime": "1004/025010", "correlationVector":"MwYgARP/ifXV43oc6iDBC4","action":"Commit Request", "result":"", "context":Item count: 1
Contributing types: Sessions}
{"logTime": "1004/025011", "correlationVector":"MwYgARP/ifXV43oc6iDBC4.1","action":"SyncServerConnectionManagerRequest", "result":"SYNC_SERVER_OK", "context":{"environment":"Prod_SoutheastAsia_000j", "migrationStage":"NotStarted", "server":"GENERAL0100001J"}}
{"logTime": "1004/025011", "correlationVector":"MwYgARP/ifXV43oc6iDBC4.2","action":"Commit Response", "result":"Success", "context":Result: Success. cV=MwYgARP/ifXV43oc6iDBC4.0;server=GENERAL0100001J;cloudType=Consumer;environment=Prod_SoutheastAsia_000j;migrationStage=NotStarted}
{"logTime": "1004/035543", "correlationVector":"7OFo9X2xbaoht4DRM+pfF8.1","action":"SyncServerConnectionManagerRequest", "result":"SYNC_SERVER_OK", "context":{"environment":"Prod_SoutheastAsia_000j", "migrationStage":"NotStarted", "server":"GENERAL0300000P"}}
{"logTime": "1004/035544", "correlationVector":"MwKzQBPB2/AXVxFkWU3wdY","action":"SyncServerConnectionManagerRequest", "result":"SYNC_SERVER_OK", "context":{"environment":"", "migrationStage":"", "server":""}}
{"logTime": "1004/035544", "correlationVector":"7OFo9X2xbaoht4DRM+pfF8","action":"Initial GetUpdates", "result":"", "context":Reason: NEW_CLIENT. cV=7OFo9X2xbaoht4DRM+pfF8}
{"logTime": "1004/035544", "correlationVector":"7OFo9X2xbaoht4DRM+pfF8.2","action":"GetUpdates Response", "result":"Success", "context":Received 1 update(s). cV=7OFo9X2xbaoht4DRM+pfF8.0;server=GENERAL0300000P;cloudType=Consumer;environment=Prod_SoutheastAsia_000j;migrationStage=NotStarted}
{"logTime": "1004/035544", "correlationVector":"DC6NbZYdPOsvuchIVeO3NJ","action":"Initial GetUpdates", "result":"", "context":Reason: NEWLY_SUPPORTED_DATATYPE. cV=DC6NbZYdPOsvuchIVeO3NJ}
{"logTime": "1004/035544", "correlationVector":"DC6NbZYdPOsvuchIVeO3NJ.1","action":"SyncServerConnectionManagerRequest", "result":"SYNC_SERVER_OK", "context":{"environment":"Prod_SoutheastAsia_000j", "migrationStage":"NotStarted", "server":"GENERAL0100000H"}}
{"logTime": "1004/035544", "correlationVector":"DC6NbZYdPOsvuchIVeO3NJ.2","action":"GetUpdates", "result":"DeleteReceived", "context":{"id":"a12cfe24-3c6d-4f51-9b86-9bd72ebf6c1f", "isDeleted:":"true", "version":"1697856682583"}}
{"logTime": "1004/035544", "correlationVector":"DC6NbZYdPOsvuchIVeO3NJ.3","action":"GetUpdates", "result":"DeleteReceived", "context":{"id":"1fd45bab-4aa9-4c21-aff9-77ee96f72cfb", "isDeleted:":"true", "version":"1709756000585"}}
{"logTime": "1004/035544", "correlationVector":"DC6NbZYdPOsvuchIVeO3NJ.4","action":"GetUpdates Response", "result":"Success", "context":Received 74 update(s). cV=DC6NbZYdPOsvuchIVeO3NJ.0;server=GENERAL0100000H;cloudType=Consumer;environment=Prod_SoutheastAsia_000j;migrationStage=NotStarted}
{"logTime": "1004/035544", "correlationVector":"QmYCdNmwE8srxNzppYhIk/","action":"Normal GetUpdate request", "result":"", "context":cV=QmYCdNmwE8srxNzppYhIk/
Nudged types: Sessions
Refresh requested types: Bookmarks, Preferences, Passwords, Autofill Profiles, Autofill, Typed URLs, Extensions, Sessions, Extension settings, History Delete Directives, Device Info, User Consents, Send Tab To Self, Web Apps, Collection, Edge E Drop, Edge Hub App Usage, Edge Tab Group, Edge Wallet, Encryption Keys}
{"logTime": "1004/035545", "correlationVector":"QmYCdNmwE8srxNzppYhIk/.1","action":"SyncServerConnectionManagerRequest", "result":"SYNC_SERVER_OK", "context":{"environment":"Prod_SoutheastAsia_000j", "migrationStage":"NotStarted", "server":"GENERAL03000003"}}
{"logTime": "1004/035545", "correlationVector":"QmYCdNmwE8srxNzppYhIk/.2","action":"GetUpdates Response", "result":"Success", "context":Received 1 update(s). cV=QmYCdNmwE8srxNzppYhIk/.0;server=GENERAL03000003;cloudType=Consumer;environment=Prod_SoutheastAsia_000j;migrationStage=NotStarted}
{"logTime": "1004/035545", "correlationVector":"Q6muj9TKLWmBli1Z9YvCI1","action":"Commit Request", "result":"", "context":Item count: 3
Contributing types: Sessions}
{"logTime": "1004/035545", "correlationVector":"Q6muj9TKLWmBli1Z9YvCI1.1","action":"SyncServerConnectionManagerRequest", "result":"SYNC_SERVER_OK", "context":{"environment":"Prod_SoutheastAsia_000j", "migrationStage":"NotStarted", "server":"GENERAL0100000Z"}}
{"logTime": "1004/035545", "correlationVector":"Q6muj9TKLWmBli1Z9YvCI1.2","action":"Commit Response", "result":"Success", "context":Result: Success. cV=Q6muj9TKLWmBli1Z9YvCI1.0;server=GENERAL0100000Z;cloudType=Consumer;environment=Prod_SoutheastAsia_000j;migrationStage=NotStarted}
{"logTime": "1004/035545", "correlationVector":"Q6muj9TKLWmBli1Z9YvCI1.3","action":"Commit.Sessions", "result":"Success", "context":{"id":"145211fa-28e1-4746-93a0-55a8effcd228", "isDeleted":"true", "size":"0", "version":"1728010445910"}}
{"logTime": "1004/035615", "correlationVector":"2zHcIYQK/5O7+qTZmNV28o","action":"Normal GetUpdate request", "result":"", "context":cV=2zHcIYQK/5O7+qTZmNV28o
Nudged types: Sessions}
{"logTime": "1004/035615", "correlationVector":"2zHcIYQK/5O7+qTZmNV28o.1","action":"SyncServerConnectionManagerRequest", "result":"SYNC_SERVER_OK", "context":{"environment":"Prod_SoutheastAsia_000j", "migrationStage":"NotStarted", "server":"GENERAL0100001C"}}
{"logTime": "1004/035615", "correlationVector":"2zHcIYQK/5O7+qTZmNV28o.2","action":"GetUpdates", "result":"DeleteReceived", "context":{"id":"145211fa-28e1-4746-93a0-55a8effcd228", "isDeleted:":"true", "version":"1728014380294"}}
{"logTime": "1004/035615", "correlationVector":"2zHcIYQK/5O7+qTZmNV28o.3","action":"GetUpdates Response", "result":"Success", "context":Received 3 update(s). cV=2zHcIYQK/5O7+qTZmNV28o.0;server=GENERAL0100001C;cloudType=Consumer;environment=Prod_SoutheastAsia_000j;migrationStage=NotStarted}
{"logTime": "1004/035615", "correlationVector":"Vr7fPSoL+nq8RkCQruXYV8","action":"Commit Request", "result":"", "context":Item count: 1
Contributing types: Sessions}
{"logTime": "1004/035616", "correlationVector":"Vr7fPSoL+nq8RkCQruXYV8.1","action":"SyncServerConnectionManagerRequest", "result":"SYNC_SERVER_OK", "context":{"environment":"Prod_SoutheastAsia_000j", "migrationStage":"NotStarted", "server":"GENERAL0100000W"}}
{"logTime": "1004/035616", "correlationVector":"Vr7fPSoL+nq8RkCQruXYV8.2","action":"Commit Response", "result":"Success", "context":Result: Success. cV=Vr7fPSoL+nq8RkCQruXYV8.0;server=GENERAL0100000W;cloudType=Consumer;environment=Prod_SoutheastAsia_000j;migrationStage=NotStarted}
{"logTime": "1004/035646", "correlationVector":"UL36Aw9GgkuF+h+3F2ZH+n","action":"Commit Request", "result":"", "context":Item count: 1
Contributing types: Sessions}
{"logTime": "1004/035646", "correlationVector":"UL36Aw9GgkuF+h+3F2ZH+n.1","action":"SyncServerConnectionManagerRequest", "result":"SYNC_SERVER_OK", "context":{"environment":"Prod_SoutheastAsia_000j", "migrationStage":"NotStarted", "server":"GENERAL0100001D"}}
{"logTime": "1004/035646", "correlationVector":"UL36Aw9GgkuF+h+3F2ZH+n.2","action":"Commit Response", "result":"Success", "context":Result: Success. cV=UL36Aw9GgkuF+h+3F2ZH+n.0;server=GENERAL0100001D;cloudType=Consumer;environment=Prod_SoutheastAsia_000j;migrationStage=NotStarted}
